Reading: -0.1283 kg
1.basic","msgType":"notify","action":"attributesChange"},"body":{"HX711":-0.11}}{"header":{"source":"uuidgen3f7d07d1-2e9a-4d0f-b{"version":"0.5","targets":"[]","timestamp":[1594130033,36028],"payload":"TNOl+kwJXZh/5HM+57ECtf1sjPulzAyWQD3zxnaZ92ttwVjnd0008KGvFoZFjOW+4UHC1n+gShG6J+uZnbpaAjUavPggQyitAhAuzdIsO2Ed4anICbGjilvzmj9rJmX0NwfhI+tqtNJ3EYwuyJz3qUmGUA1cDLdjC90YGyVwG10oqNuA+vKEv9jNcXHneffpfJ86T5van8TqxEgv7MpvibR192Go8M7VFSw8fjLtq4xfmSqaZw=="}
Reading: -0.1271 kg
4fe-50b2f1352202","devType":"HX711.basic","msgType":"notify","action":"attributesChange"},"body":{"HX711":-0.147083}}{"header":{"source":"uuidgen3f7d07d1-2e9a-4d0f-b4fe-50b2f1352202","devType":"HX711.basic","msgType":"notify","action":"attributesChange"},"{"version":"0.5","targets":"[]","timestamp":[1594130044,47164],"payload":"sroAmgtmwkjBhOsOOOLrL4JgmerFUqJ44ITjayvlhpijI+hKz7OQv0mAtHj/Kd1X+b1ZTr4FjrUR+dy4ytVj9IJV22Q6Nf6SvtggBGEY3oi5X7jV3berFngBVLfzSmhJr9hmPjSvcPNekG5xpNgdjUpLEoorUDQnWgMWpA/oA2e6gDX7dPvKJ/t3yuKGTM4wDivRE859JkQhKnlojwhTrYepiwuFapWkZdexxWa+xr8OEA=="}
Reading: -0.1242 kg
body":{"HX711":-0.105}}{"header":{"source":"uuidgen3f7d07d1-2e9a-4d0f-b4fe-50b2f1352202","devType":"HX711.basic","msgType":"noti{"version":"0.5","targets":"[]","timestamp":[1594130055,57379],"payload":"h2p2wX07TvrRweUtNlJyZAZfnx6ZzTnZ4nc64qrIIKBry9TSUJU9ZjIgtwyXHKZ6hy+m/F29a5tO7y9SEZIdyQ2XBCWB/y89IGIjeKwk23+gByvrAOLXEL5QgJeeJc+PjtjhcG+vS8Gkm/i305J5F9alJuF6iI12i+oGNTD1sEXApKOlEjzVPQ8Vo49CYNDZaL6L1HQCI3mxQPkCqfglC4ldcpVido1DjvgzbcigL0U/LI5/yA=="}
Reading: -0.1004 kg
fy","action":"attributesChange"},"body":{"HX711":-0.057917}}{"header":{"source":"uuidgen3f7d07d1-2e9a-4d0f-b4fe-50b2f1352202","d{"version":"0.5","targets":"[]","timestamp":[1594130066,68516],"payload":"m4qF15rgzGOo+s+SJHQYVk73uHHLytFltgkzetTaGpWiV7PlcbLvEIv7jxfjfr9bicjt1PRqI1819hHwhFjVtZJn1BnJTDifMvhS1xJg7QU9sIq4r7akNbPw04WNXtBe7kpQyZT/R8RFP6U4LS2Wygx0bTfvc19cbNzlGD/Y40CzTv+2aXpOOgagdT4eRXvSNVqlxsNPK+dfwgaXt4SdWyAS44/qA4yAFbRoroytx5v8ocsnKA=="}
Reading: -0.0767 kg
evType":"HX711.basic","msgType":"notify","action":"attributesChange"},"body":{"HX711":-0.095417}}{"header":{"source":"uuidgen3f7d07d1-2e9a-4d0f-b4fe-50b2f1352202","devType":"HX711.basic","msgType":"notify","action":"attributesChange"},"body":{"HX711":-0.12{"version":"0.5","targets":"[]","timestamp":[1594130077,79652],"payload":"RSeZIKS6zN85SWr+6t79Te0XvTkvwZPgRDgownUWDPLS7D2gcBG4Ht4ZbgP/Uee0Ml0AjviMWnPpHrjvROS96M6oJukmxrfebz9MVXVUMQYBbhbor766VLN4zR8JJskCpaQrAMYbG607eI6V8lKFkH595Yf41eOVXMPmr8w3jf999TwAtKbDwEF8Uwd58ZtC3OCVpPdPKJTwn4sciUZyi+Rr7y6/yESgKa+PQ7QH64fbXpqWbw=="}
Reading: -0.1242 kg
7083}}{"header":{"source":"uuidgen3f7d07d1-2e9a-4d0f-b4fe-50b2f1352202","devType":"HX711.basic","msgType":"notify","action":"att{"version":"0.5","targets":"[]","timestamp":[1594130088,90880],"payload":"SQw3dTyQs4Iy9MdE4R2B0LEuNRyV99KwN7PqN5UgQRpr5FqEn3LETWgie65pw6+zjZZxWgtfW9wz8toIC71RcHpLNulh0CmU3KO7a7U1rrf+PLk5bYmnGyl9o8nXV9gt4byH1ChEG015Gv5CsNYL6yWbfKrwzu8CTHHR7lG7+f4tzk09jrXbZOZbFp69taw/eZQc045teM0sQgix+ThEwVuRf62uPw3OwyLG2RCIkqEiC5DlMw=="}
Reading: -0.1154 kg
ributesChange"},"body":{"HX711":-0.115833}}{"header":{"source":"uuidgen3f7d07d1-2e9a-4d0f-b4fe-50b2f1352202","devType":"HX711.ba{"version":"0.5","targets":"[]","timestamp":[1594130099,102016],"payload":"MSJilS7A/YHSC5051Cx5ZiHoS/QoSSNFR4lLPcdIZjbXPrnSiIywxUe/0/XpRSNT3oOEybS7X0YRrVlXK+/lVRXPeNrvgEr3oQj322zG+npU/NogrmQfrY+Yd8jugKv1We+zj0lZfz6Ybg3lvwV9jVinv5WV+zYJp9IADN1pC8AzJkTSVuAgjEgi2xgoeRAr9ajKoZmqlP67wmlMVYLsHfeSP2+0QWTeocnAE6f9mhCCbzfQAA=="}
Reading: -0.1042 kg
sic","msgType":"notify","action":"attributesChange"},"body":{"HX711":-0.124583}}{"header":{"source":"uuidgen3f7d07d1-2e9a-4d0f-b{"version":"0.5","targets":"[]","timestamp":[1594130110,113150],"payload":"KfKkYQldoT7KLgqlaonato4I1v2W+8IByALVmxl33JEx7eF952meaAdFgswfq+0vJP/YiKTfjTxdZ6kci0hbZibpO6FlAGd+KYXqI2L8mjd8nW8S/Q/bFDFrNZo7BfwXXl/2HB48ULMjxNBVNHlXslQciNSs5Ap88nyumdrNriT7YA4BQ0D28vBbBa+kCck6nm27z7KGhzjxXZKMCNC7//K5d29qrThvvaw94scX1d6hjDUJ"}
Reading: -0.0958 kg
4fe-50b2f1352202","devType":"HX711.basic","msgType":"notify","action":"attributesChange"},"body":{"HX711":-0.08375}}{"header":{"source":"uuidgen3f7d07d1-2e9a-4d0f-b4fe-50b2f1352202","devType":"HX711.basic","msgType":"notify","action":"attributesChange"},"b{"version":"0.5","targets":"[]","timestamp":[1594130121,124284],"payload":"aDN5+D4NEB8hxCruPYs21pjTeTlJN83a55IFjNYzuSJj8FuGOtLDFHrs7oD80Ad62HIapGlGQt1IEOb19hTyD/q6FzOmfkfc6tfB7pfgxYFNUfiSF/artG/TbpDcmCfSJLG5Z3gWprlKF89+FLx3lPUpNs7/jcUaqO4s/mZXfKoz4YyRn9BckO6FjG0o1LxnXsg7soM5FojQV0vKVYP827w6X/PaZRFtXgUwFA4DiOGVsVy6Nw=="}
Reading: -0.1321 kg
ody":{"HX711":-0.167083}}{"header":{"source":"uuidgen3f7d07d1-2e9a-4d0f-b4fe-50b2f1352202","devType":"HX711.basic","msgType":"no{"version":"0.5","targets":"[]","timestamp":[1594130132,134498],"payload":"o1kzfTWUSqQfwtp5J7/fJnKZRKyBestmP4nb266PDCxA2COilCQbIqcsh97b/rz76Irz4yZg1EwnoleGY2qGTe4jS5wMrOKhlRMNFCrhkd3EWo6tVbvXSsvZ5xmSoL3kS1SYnQqOFoi0cgMtUCL7geuCMbNuMn1ouxUmxqvq0F4VJ4ZaeHS7zUlQCVL3/WnGzpOVzxyxaUF4Mhca+Y1k400erEplw0XlpyHpv4GhGomJew=="}
Reading: -0.1442 kg
tify","action":"attributesChange"},"body":{"HX711":-0.095}}{"header":{"source":"uuidgen3f7d07d1-2e9a-4d0f-b4fe-50b2f1352202","de{"version":"0.5","targets":"[]","timestamp":[1594130143,145632],"payload":"UN+8HngAqDMbkkSJPRJXKpLhOfkxEVwZ7n42hKnqUtnnT8HK+Rm8HA2BwOlM8ATQPTZhQUsVuUBKNTWzlrvnUeSrLy8Ev1FwtOjQ5JnKpV8G4c2lDSwIQjWS+QpmrukaTyMdIRZ7XO6eDZJGIuxYuqAPJTFqRJzyoTNpvPP63Tfu8Erdm8zdn7fM9NuRs1nby/G/cnmzlJx0dWEU3nXwgNUrlaUekYM5ARFMJoRcivE5RB5I"}
Reading: -0.1008 kg
vType":"HX711.basic","msgType":"notify","action":"attributesChange"},"body":{"HX711":-0.09625}}{"header":{"source":"uuidgen3f7d07d1-2e9a-4d0f-b4fe-50b2f1352202","devType":"HX711.basic","msgType":"notify","action":"attributesChange"},"body":{"HX711":-0.0933{"version":"0.5","targets":"[]","timestamp":[1594130154,156765],"payload":"0AbNQfSagjvge++T6vp48Kl6QdCwQsgmw+JDFScSgi6hmZy/aZfE09a31l0sgaAnlclIGiA9a3Ls++8JhtYE/9cgs1HHeqmui8cJ9D1ZE8LURtprYXs2C7KnpgsHOfBDSgnD8T6eLrCqIB9/Lj8jvHw4swkVUpYKRC6Bu1gsaEaerECTmJ1bzyuD35CzqlTHg7/okCK+bnsXj2J+GbVbhkBX5hWs3+TlimSPrhsc+b65YhqTBg=="}
Reading: -0.1179 kg
33}}{"header":{"source":"uuidgen3f7d07d1-2e9a-4d0f-b4fe-50b2f1352202","devType":"HX711.basic","msgType":"notify","action":"attri{"version":"0.5","targets":"[]","timestamp":[1594130165,167991],"payload":"Jqgei7gsr+3DY+sIbx1gpPQgcIZ/cH84xoLDPt4Od5tcSkva8c5MCBGi5fMdwwdE+IkRPBbJO/aszkAPo8WyO/Jz4JKIW5ZOjIBDnrZwNQQEmYiEv4EQZfqR29D43vZd+jx/x5kSclkpaXPo5YfL3+ah+tsvI9+rvCu1rTJIZaYvqx79XUTEiLNdpw8Yq5iWjRi4p3MfXnljrlfrIrdlxgRdEETwJSYkBlRlk1DduF4FClBpqA=="}
Reading: -0.1446 kg
butesChange"},"body":{"HX711":-0.119583}}{"header":{"source":"uuidgen3f7d07d1-2e9a-4d0f-b4fe-50b2f1352202","devType":"HX711.basi{"version":"0.5","targets":"[]","timestamp":[1594130176,179126],"payload":"GS+QwJezsjX8NdW1clRi6UR8SSHJbpVadzrGAqN0qw2pJMGbH9vhfBZjnd/isMmvsqHdtJVQVUUxyV7ZkMOEk2M9da5EhO84dKdBLjC9NlIwlF6ykOm5KypF7ABBgL732jPH4wMWRoDafvIuKAG1rL5x4HAIKeDnIauBDTavnG8I9K/2YAJ5uFJiz4xMkvCwZFjk7kv+1N5AL4xV+4OMTTJ0byinlW7sW0/3ZN0pqSyzqcYS8w=="}
Reading: -0.1100 kg
c","msgType":"notify","action":"attributesChange"},"body":{"HX711":-0.140417}}{"header":{"source":"uuidgen3f7d07d1-2e9a-4d0f-b4f{"version":"0.5","targets":"[]","timestamp":[1594130187,190262],"payload":"agkKf+5kboH0b9+qikkHspCInB5hWw4wheUGiuyWnKzAPh59mtKH9ByoZ8r+IfT5fWVk0PPSNHQJH5pmIobXNdWlr4qPw82WDAyU8L5NnugPyOCaBqNr+oY+SO9ROMejiDlrE9MTKZubIJgslLZSAIIDhDL5WHUbQAJ9l9Pch5M7W6p8PVRpy9lWeNRBA44ioZOFDEPEHrYTyMdZ8aR8vYH/C/DfhKAoVH5KxCQ968x8AFOk6Q=="}
