Reading: -0.0704 kg
a-9e85-0800275a3e36","devType":"HX711.basic","msgType":"notify","action":"attributesChange"},"body":{"HX711":-0.04625}}{"header":{"source":"16f567b6-ab16-11ea-9e85-0800275a3e36","devType":"HX711.basic","msgType":"notify","action":"attributesChange"},"body"{"version":"0.5","targets":"[]","timestamp":[1594207256,13196],"payload":"JCpzrwER4YD5+Z5blWEwagQidhzwr7iR0oCnMtqL6eh706XuxwYIGsBzEGXlXI0dR275N3C+8kH2oBxSGfv7JZ2jPPeHP/Jq0LF5LvRkU9O96gJhuOzbNgZso9EZoH+L2GyhH5Q2tm3C5rr+PYEaMJbhRF3NfxiuO494sjCCD95Ieheem8dr/aTXNxhub3x+bHl5UXv/nFShxpaNi+U13wYcvz37Oalxo+D3"}
Reading: -0.0496 kg
:{"HX711":-0.065}}{"header":{"source":"16f567b6-ab16-11ea-9e85-0800275a3e36","devType":"HX711.basic","msgType":"notify","action"{"version":"0.5","targets":"[]","timestamp":[1594207267,24429],"payload":"QCmmXXts+5lOxruZUcu+64Atjed1nTZ0yq/yO2qo2E6c+WrslEPMJJa9A3u8csANqL4kzyBoKg7GTQPdNc4lv0STTmNaVl+9R54m7ET00h9buUm2pKLpL16nwItvabrmjnBoq0iT0YRklvtmCW8m2dpVkRHE6D4IVRumhhoKHnzI8ZJyxktD2BzCQRNzaIQISBiuuFCXZdd6jsDwElkIjPmRvghIUPxMSJ0kGU0N"}
Reading: -0.0587 kg
:"attributesChange"},"body":{"HX711":-0.039167}}{"header":{"source":"16f567b6-ab16-11ea-9e85-0800275a3e36","devType":"HX711.basi{"version":"0.5","targets":"[]","timestamp":[1594207278,35569],"payload":"f7co91ChiEL6H8sUfKVeuiMtzg4VeOrbSTm8iLtci2HaT0astP9lHMsZIMVJJJdMx2NI90yV6I28PLZCCvm9XdtPMM6G88iOMCZTDwPWr0FOQlQVqiedYMnO4CdkNCHLqgsl6OzZCFv09A0k7g7s9MM3G84kNLUwUGQ91plGl4hNQYT3AR24nPZ7z0LEak3iyz+I2mJyBnwjXYNUvEecEbCaoSmXvbiUamKiQmi/"}
Reading: -0.0729 kg
c","msgType":"notify","action":"attributesChange"},"body":{"HX711":-0.075417}}{"header":{"source":"16f567b6-ab16-11ea-9e85-08002{"version":"0.5","targets":"[]","timestamp":[1594207289,46709],"payload":"EJ9t4XcYOQ4FNo6p7/a//OmiSp26EfFcg35BXp2ljrPglygXaQZGQUORGBNAbNBcRdFyX/+r7YTqF2eDlb3sGU26er8vl7HEmhpP+WBjqyfBOv2HNiamz3w/DkLjo/K0DIhTI0wTFUCnXrf02UtlOC+vYCJ1wfHZLrupzelr4jbiRSPLs9RMJbN51uZH/ikHSuJuMYhvcMbgFd/qmvSgX63BEcRCDzPPy67ASuVp"}
Reading: -0.0329 kg
75a3e36","devType":"HX711.basic","msgType":"notify","action":"attributesChange"},"body":{"HX711":-0.050833}}{"header":{"source":"16f567b6-ab16-11ea-9e85-0800275a3e36","devType":"HX711.basic","msgType":"notify","action":"attributesChange"},"body":{"HX711":-{"version":"0.5","targets":"[]","timestamp":[1594207300,57849],"payload":"nsw3K8PbO1rr7oOo9n1fLAb1GXsS88l/7WzEv5bvtPWSSE04/qH/GgTngtdg9QJeVNjhUtViHXg/6072dgyHuNI9eysIntQzrfnoz3Cf9RxZgy2ItBzDlp4kldToZrX1LY76sJOuTWDEk1sTMqYyfe9Hz4GJp3r1iiCCtEH2DZ7dramol7ktKij/SVNokDi5MAptjMV44IjP8A6/e+SU6j9dSO4QXPgICMlC"}
Reading: -0.0262 kg
0.045}}{"header":{"source":"16f567b6-ab16-11ea-9e85-0800275a3e36","devType":"HX711.basic","msgType":"notify","action":"attribute{"version":"0.5","targets":"[]","timestamp":[1594207311,68069],"payload":"Q5wY1JRjPTxKnzvByxyXxh5QJI75k7UVsUL3sruwjdqfpWny/jDdH2iDErejmjmHB6JOqjmV7HbT4Pejam7uapEj50C6CvZJj6pzE563wNWNk/1D6FJPSZWc1bvmXpove6iKePbbGjr1bEZzgyAMrQto1yR0W+T9xu6jsHxKTwVtLopbGljclDQwh9kgKCphlHRl4Hnz+tuP4d/p22tl2PaV3teHT9z8Mj1TZL0N"}
Reading: -0.0975 kg
sChange"},"body":{"HX711":-0.061667}}{"header":{"source":"16f567b6-ab16-11ea-9e85-0800275a3e36","devType":"HX711.basic","msgType{"version":"0.5","targets":"[]","timestamp":[1594207322,79209],"payload":"7dkpMfdTtAMKpNjo51E44mpND2DuYiRyYeRDhWoVEH1Vqwion0rwagbG6wGcFGVOhS4a4bkssbVS8G1P+gxMtFmztEdtW2t/vaXhb42qRYW5C21Z/kpeVJvkhZYj3nTdaR2sr5w8IGZQSsFp5JOh6cCJXOR7+A7oyBoSgUnYiqIzJKA54eNTYEJvil5u+AARMBHES0feV/dmZRsS+0SBtzxLmM6sb9INPqk4Dh8="}
Reading: -0.1050 kg
":"notify","action":"attributesChange"},"body":{"HX711":-0.09125}}{"header":{"source":"16f567b6-ab16-11ea-9e85-0800275a3e36","de{"version":"0.5","targets":"[]","timestamp":[1594207333,90349],"payload":"MsmbwQbc76Be/2ppPGoSXP+d7yHJ36Ay92cqHk6ipxjPcN1vjVedQP46/fwnr/TtGg7fbpw/yWhKc2ZHEqLF7IKw0JlJ88VsHR3Dj1PaOc2LEc4dvCr3hJ5Nl8Y/ogOWhhnmDdaFifi+6hGrqaZqLRpdcFtmoTjmzhC5HArJ0+dSga/JzxyquVQhoGW+/yla1OBCqAcNUgP/yqw9NBQosYg9C9pRqWMeteQiyiI="}
Reading: -0.1037 kg
vType":"HX711.basic","msgType":"notify","action":"attributesChange"},"body":{"HX711":-0.07125}}{"header":{"source":"16f567b6-ab1{"version":"0.5","targets":"[]","timestamp":[1594207344,101489],"payload":"E2PjKMgsFcItMwT+/dnRWWlo26x4LrAV+H+Gn2Pw74EPWTUHeiCqRDhIABo00o6kiuiFbs/rKHX9rBr7IIQR7CwGBXRoZeqDVeBiBGWP8mcuy3oMDtUpwxFNkpbWO9rT4Oa9KE4SWbKNn2cqKozU+7cmcQpdX0el85t40zSrn1UeVn+YnQrVXP4KbUmbZioEJ+kCVuFblxwPOUA7kBo3OBZpkwjN7FUkSDaMrw=="}
Reading: -0.0825 kg
6-11ea-9e85-0800275a3e36","devType":"HX711.basic","msgType":"notify","action":"attributesChange"},"body":{"HX711":-0.0875}}{"header":{"source":"16f567b6-ab16-11ea-9e85-0800275a3e36","devType":"HX711.basic","msgType":"notify","action":"attributesChange"},"b{"version":"0.5","targets":"[]","timestamp":[1594207355,112630],"payload":"rLkZ6DuFfFBzDwlyJfmUautBRJIXrF0S3/yNcTDqIXjT3miMq/moeQ6wvSHm5LhnzI0QXeLBiUEwyB3bQhkxU+yDhq3BTArECj8v6QiIHNE0nuEtSwlYdY16IeJD1/if5xL4RTOg9bYVcsTSqr5SVeV6EZYde/tPDbXQGxy7tiA0r6NPO5GTWnacWVldsTCYSJtKpYk7GOMDSWB26THeBCknnOrCMu3wT6vFp7w="}
Reading: -0.0375 kg
ody":{"HX711":-0.07375}}{"header":{"source":"16f567b6-ab16-11ea-9e85-0800275a3e36","devType":"HX711.basic","msgType":"notify","a{"version":"0.5","targets":"[]","timestamp":[1594207366,123863],"payload":"7ROVPlvzOGQTa/cq216GsS2Xkpg30U9tTBxiII7hY366XGLBiXTjsRwnawEgMCPVlXqb05rgohRI8gRnaF37joiqQpPvqYrlVEsvz9ezzIr3J70LipolcQYas9zzktwuFuy5ApiMNlMYjqCvch7WfnKl7JrSE6sP/1z3ch9FU5ighVpn57smRfIKH4zOoaA7IZ177JRkonEITk2DsrKOJtvZaGsbxdcv6xuuYAo="}
Reading: -0.0637 kg
ction":"attributesChange"},"body":{"HX711":-0.05375}}{"header":{"source":"16f567b6-ab16-11ea-9e85-0800275a3e36","devType":"HX711{"version":"0.5","targets":"[]","timestamp":[1594207377,134082],"payload":"4X5pLfqJFJMlLyLZmhXTFJngyKeWSJjUr6XoR2V2iiWc2QCWPVe+v/agzijG8k9Jmi+rUooAx0Si4yLyxXVTTj8aOXr6oypEqkypmkn7DrR//CiyfzQ3XHscqkGrSltEOFp8vBE+tSgZv2h4Is2Zi3aTbaCnwtGYwOKNGFS3AONusLpjnTJddKUJzwoGMf09gBlEyAbsn5sgVvbHJaPnKz1YSdOongI8Wr0vQxk3"}
Reading: -0.0433 kg
.basic","msgType":"notify","action":"attributesChange"},"body":{"HX711":-0.067917}}{"header":{"source":"16f567b6-ab16-11ea-9e85-{"version":"0.5","targets":"[]","timestamp":[1594207388,145222],"payload":"WTF2F0zPRQF/9s4zHvRJD/m+7e31facCAVg1aK5hMlMXElsRxtqBnQ4mTwD+FyP8kk60tmmKKPwLAwW20dNK0fqCSZyhJ5qOXBmATYx4uX7jeG4L/cO6PiNbdW3DY5DOFtpj5J0PaY+Dd3N30WZVglj1rfLT7ZZuXle26MJgYOrs89OTutRWBFOZIOdX10MVuuUJmgCACAXdgqg7uxeGx+lKu+qnXpXpbyW3rqd6"}
Reading: -0.0800 kg
0800275a3e36","devType":"HX711.basic","msgType":"notify","action":"attributesChange"},"body":{"HX711":-0.018333}}{"header":{"source":"16f567b6-ab16-11ea-9e85-0800275a3e36","devType":"HX711.basic","msgType":"notify","action":"attributesChange"},"body":{"HX7{"version":"0.5","targets":"[]","timestamp":[1594207399,156362],"payload":"aq7GUyFgjE6ggkpaUMmZek6geGm0vDxMyT8riMTGRSvpXJBV0rgMXO+ua5V1EaD9JgVbQfeY5OO1+pQCQCGTu5g/6JtBbfGKx1+CUfJyS5WqsdMUVfA5tFBQvUJc+J2ustHgMkgmllMlYdYeVl2m/iO4JN7K3vgc4roqhaWu/9UYXh7HlOfwYfJi0ksOTn1Qu/BsX5Kiaal884X/HN2zeE8oYqLHxFceDLwh"}
