Reading: -0.1058 kg
":-0.029583}}{"header":{"source":"uuidgen3f7d07d1-2e9a-4d0f-b4fe-50b2f1352202","devType":"HX711.basic","msgType":"notify","actio{"version":"0.5","targets":"[]","timestamp":[1594215230,13355],"payload":"ZLixHe+bLnj6/68hAEDhOdChnZSwWbEF29ovG+wPo/X6lzRbAS3CuuQAfhvve1fOlPfPfl/xp9oJC4+heX15Wzj5a4iWgjI++ZGcaehpyx1C0e9npjV6Qb0KjVj3gFEyV6DhIeZItcu8t+2daiU86YH7oQLiZi5NiP3rc0gTCrMi0foHmVneqIooGE9NUa409/qwkHES18zouG7cBrtg3095FOHhbYbZY0NLtDa/e4wUMfJqvw=="}
Reading: -0.1079 kg
n":"attributesChange"},"body":{"HX711":-0.100833}}{"header":{"source":"uuidgen3f7d07d1-2e9a-4d0f-b4fe-50b2f1352202","devType":"H{"version":"0.5","targets":"[]","timestamp":[1594215241,24495],"payload":"sVa+F7uUl42OpBglcGF8fKPFx/zQqM5N9CexXuhcj7Kt8+seItbv+DHkCOa6Y9dH5+oA033XYUzbgD3wOIuKqAWtHOlmYJcT/a2aH1QyTa9ryac2DIG/RqE7udR/wu2V6oKsaduNc1GhQJT3nxRtNgIXlJJZzOWtuXfUfS4TjXEak6Y2QKpH5F7O7u5nNM/w+uCdEk821KqExkd4YLQzV401mJa6XKYRR0kdOHXTBGQPKA=="}
Reading: -0.1258 kg
X711.basic","msgType":"notify","action":"attributesChange"},"body":{"HX711":-0.125}}{"header":{"source":"uuidgen3f7d07d1-2e9a-4d{"version":"0.5","targets":"[]","timestamp":[1594215252,35635],"payload":"etJJhopwggsrVuHGbRbYRWRyYBSJwWMMUlNpQlDzT6wFrkiukV7owH/a8mJVFCY3IUwPiixSaYPGduZa4GsgoZOg05WeDDm0cZ01vKKgK18zNyvgqmp+ABYBYT2jg9p/nOKE+RSC7GhRXh7MEazXsVud0pWLFfsxPhCSlqpbV6maRkb2C7dXCJK2SW8qgmg7kUlD6oQ5DD2fJ80vsO5QhlFSCj9FYmA+meih8CRKdggJ+yqe0w=="}
Reading: -0.1625 kg
0f-b4fe-50b2f1352202","devType":"HX711.basic","msgType":"notify","action":"attributesChange"},"body":{"HX711":-0.121667}}{"header":{"source":"uuidgen3f7d07d1-2e9a-4d0f-b4fe-50b2f1352202","devType":"HX711.basic","msgType":"notify","action":"attributesChange{"version":"0.5","targets":"[]","timestamp":[1594215263,46774],"payload":"Nj+1wH5dwYzYCHbwQwXNyXnBWurXmU8FLa1Xz8giGRmj1tGIgpcDdPqlM0LlQ1gEmLCCnJQ2CeDBea/49jYJQfAU90XSXgD3b1B9Pa6//IvgZ7QGmTgy1lFPmKFMlQVDyKqqT6XCFcbGVtHnxMP6puPSaOC6tc66pQ+fLta5yJFsHrMucWxz6fbHbaLdQTBEOpyayM3Vu6E0JeEq+Rb26lgeVdfm9KacRsE9L9nEnZHtmSQ="}
Reading: -0.1071 kg
"},"body":{"HX711":-0.1175}}{"header":{"source":"uuidgen3f7d07d1-2e9a-4d0f-b4fe-50b2f1352202","devType":"HX711.basic","msgType":{"version":"0.5","targets":"[]","timestamp":[1594215275,58006],"payload":"39YLQs1lIijBzPpf6U+IrLen5STV1p/jgROKw18KOlU+9wwC5G5xedhWSu0CruELWZmRuDj4wtVGjjRZAOY9PjAe6PQy3Ww7dfudVG6KeMGAaLF9FC5gRBpCw70GWdfZJTcWVb4cYyabmEmXR8CEdInf94PnjgwUyo2pG1bX3QrwFepbaAN1PkQhifYjg4Htmo9gLkHgteE8kKhaT0IZdKH8NFlLdC34R3tzHKMYwjYdPZVNDQ=="}
Reading: -0.0925 kg
"notify","action":"attributesChange"},"body":{"HX711":-0.084583}}{"header":{"source":"uuidgen3f7d07d1-2e9a-4d0f-b4fe-50b2f135220{"version":"0.5","targets":"[]","timestamp":[1594215285,68224],"payload":"nAlmFAKnLZ5GW0OQJ2elDifZ4b4MeUUug8WijCFqpGvBRQqH4BrNtGN1lPaVndl6HlBrh2oQFkIdmQ+tf5stpQZUdEAt3uszd2Tndca/O/LBePRaqAYtRf1MTRUgrACaHBMwQfCsGg3AQlcuZDHAx2NlSQMBUjzFXFJAhN7X7/nH7/vJU4c4LPX6U3Kqc2WDlCilm3bJrVp3y+sGN8zRjyFWZDAvqT3HxCnR89v0qIkQj163PQ=="}
Reading: -0.1587 kg
2","devType":"HX711.basic","msgType":"notify","action":"attributesChange"},"body":{"HX711":-0.077917}}{"header":{"source":"uuidgen3f7d07d1-2e9a-4d0f-b4fe-50b2f1352202","devType":"HX711.basic","msgType":"notify","action":"attributesChange"},"body":{"HX711":{"version":"0.5","targets":"[]","timestamp":[1594215296,79363],"payload":"hXjD8ThVs5MGEMkmTBVZX/U3f/s0R6Av6C6N5FFTz4ppkexGzyDQnCnIWB1/TctjlhnVGSAfWLpdjVx3ie/WXSnb6pFScPYWILdztTxKgWOjnPKcHUfHFidoZo6BlRb5pTmTcI7oUfA7Eev7postJAmTtbmbncYbXV5G/qpaYWJZp26z7YTUqtWR28rXMqRZQvdZtt6mU8u89aJVvY3TARc55HJET5AP5DitLHy2+QbGSDoHLw=="}
Reading: -0.1729 kg
-0.123333}}{"header":{"source":"uuidgen3f7d07d1-2e9a-4d0f-b4fe-50b2f1352202","devType":"HX711.basic","msgType":"notify","action"{"version":"0.5","targets":"[]","timestamp":[1594215307,90596],"payload":"b25QD3DdledkL11UZA2F4xr+4N97gEt7epbOOCqK3eGUidVPSgRoOjh4l9dLKRF5T7ax483TgUtJ18aaNpkCNsgkEF6qbQS7QB9PvJF2qdSUBWyFnrpM8TOST9asA2OIAvEurMww2YhlbfUVeiTx2H9vOx1OjDtpTkLv/3qvMUWwTbJxR85YlnYpYo4ubZqSQpNO5bg5rliKVv33ibYmZNTEYiplh1oc5Iwv2hvFQtnK5dE="}
Reading: -0.1229 kg
:"attributesChange"},"body":{"HX711":-0.1825}}{"header":{"source":"uuidgen3f7d07d1-2e9a-4d0f-b4fe-50b2f1352202","devType":"HX711{"version":"0.5","targets":"[]","timestamp":[1594215318,101736],"payload":"WKGXgzOgB8vr0IVjEG1NbHUBXVXFMisiuj0ay2EvyKiLb39z9QbQdUK4Rgharrkj/bVbKBVbauEGWvXqUdaa4Lk88Vkj7WKMrBdAc2hg25anVogzxSApEzw6pXAYTEep55El1/wwVitP9H1eTMQud34hOWmDW+RlpOF9Ly8nhf8dsI57CD9fI6Ne5g/lmvvd/j1MvrLAhPhxaVbOAZQ3kpqUbUytaTcP7n61ujCYiVOdWg=="}
Reading: -0.1167 kg
.basic","msgType":"notify","action":"attributesChange"},"body":{"HX711":-0.115}}{"header":{"source":"uuidgen3f7d07d1-2e9a-4d0f-b{"version":"0.5","targets":"[]","timestamp":[1594215329,112877],"payload":"hJQthp2/WxnLroDdOvxPKiWtGveNb/VWIHNDle+fVPdSInLYR1OwLRplHVUgXinf6JhA5eFoowPafHb2tvLLSRJLv1Kl1AVLKnK0YLmMVSFh9ZCrKZMFPuMeQidtDYT4qYCkqD7PSe7d+bTkGb9JRfWUPuitEtHOfJ80RSsSIhTuxGZzpAg3GZj1flmi1Pfh/qWWha1/Zcf74UFWCEhr24WhrcSuW/Ma//9bb9G0uN8Qi1+aOw=="}
Reading: -0.1037 kg
4fe-50b2f1352202","devType":"HX711.basic","msgType":"notify","action":"attributesChange"},"body":{"HX711":-0.120417}}{"header":{"source":"uuidgen3f7d07d1-2e9a-4d0f-b4fe-50b2f1352202","devType":"HX711.basic","msgType":"notify","action":"attributesChange"},"{"version":"0.5","targets":"[]","timestamp":[1594215340,123096],"payload":"/aMqfMyNoZPxNODhimeS3WmyKWt06e4h09jRP+YkAxWSr/23yM4AC1XGlG1QcvznlR7P5bS7YVDwxpQ68L4KIiryYon0pU8Id+i+nxWpVEDI5lgDbbPSsai0SqjIkaYACtJ1JqW2RTZn/lfcQlqN5nqoOiu1+OYvDcssMfiVoeE/8b7IqULMl5U2by3waGq3KKRAGRz+/iQCodro4YUCvi/sp/mfswinEUYdhoZR2ToR1JCzDQ=="}
Reading: -0.1254 kg
body":{"HX711":-0.104583}}{"header":{"source":"uuidgen3f7d07d1-2e9a-4d0f-b4fe-50b2f1352202","devType":"HX711.basic","msgType":"n{"version":"0.5","targets":"[]","timestamp":[1594215351,134329],"payload":"4+eH3jZxtGKfN1e7Ojz76YLmQVtBq2JwPrXFrdOgzeiLGRGYw+iiqZVL3s/BovKW5PX5twWXxAx/gD9NNhsnblY6TvPW7FFmkAMT+sOeyH6ZQ3R8ubqK5RDs653WEuGGX9ctlBOT2HvCTgjWUXgXxKgxGe5kmMrq7FEBSFwMYuWYytUdBy4JUGRrRDhxmtvVARgprJguPKjnOgudBN4Ke5fjhi3fEAAJB7ozhhet6MqrqE55Dg=="}
Reading: -0.1442 kg
otify","action":"attributesChange"},"body":{"HX711":-0.129583}}{"header":{"source":"uuidgen3f7d07d1-2e9a-4d0f-b4fe-50b2f1352202"{"version":"0.5","targets":"[]","timestamp":[1594215362,145469],"payload":"P0yCw3t13h+8U3sXBVeQTm3Q8Qt/l2bv2L6ulwVmtZzCMEmbBCPJaEBJHWWD2pHFl961v5le2naDe91UUI2vVhoTYgqJJocc8WwkzMa90sd1k6N2LqHXvUZjxXIOVc8eWiOJitZmMt9Dr6v67/wYjEQW21PO+0entQHSRJ2R97Yg/nEq2gEgKdE1aii04s2lFKq8TH556aP0749odmXrGrtoDwb3agRlgh2twI04mXFKXYf7jw=="}
Reading: -0.0988 kg
,"devType":"HX711.basic","msgType":"notify","action":"attributesChange"},"body":{"HX711":-0.109167}}{"header":{"source":"uuidgen3f7d07d1-2e9a-4d0f-b4fe-50b2f1352202","devType":"HX711.basic","msgType":"notify","action":"attributesChange"},"body":{"HX711":-0{"version":"0.5","targets":"[]","timestamp":[1594215373,156609],"payload":"hpoC5OeRVtslj2B/BKbYjgxn7hdSNQsIQyb6hDK4ZNWF+rdsMOjGmcH/sLM0Pu/CNEuTZyv0GslcwcpJ9UdtOnbSLickMzTiKw/ngDbNe/R9+1Ne/S7XX6/FAN/l/MzAKU927qpWZxdU64cvEwlocbLPjviZVQIWR+4NtQqC1wQZNAiPySj0RDgvbbKE9lnfat6cWdBkWqtyN+tYqE4SQZlEcZwwrDEECvUxLia9MZ1Ud9RU6w=="}
Reading: -0.1017 kg
.104583}}{"header":{"source":"uuidgen3f7d07d1-2e9a-4d0f-b4fe-50b2f1352202","devType":"HX711.basic","msgType":"notify","action":"{"version":"0.5","targets":"[]","timestamp":[1594215384,167841],"payload":"PkVZuXBQbqplOz10XnJmu0yqKHiiEg04UF2hHW/gSWuoq9c+sWYLzGgd5pqj0Sz/J4nBvJne/ugHCqJqkGXt3Zku8d/Xqm3XO4CiJyDSg58aeV220gKtYidkX94bOc8r3pLBcIPMy06C6pjAPXbE1zVnqjzdq3YodjOW6omKDkjhRBzDXRIBLarfiQ5wEkbqhsM/1E9rRRNrAVn9gum/Wwh1jnROTd4QDSSPNA14CXkQj6gYPg=="}
Reading: -0.0988 kg
attributesChange"},"body":{"HX711":-0.102083}}{"header":{"source":"uuidgen3f7d07d1-2e9a-4d0f-b4fe-50b2f1352202","devType":"HX711{"version":"0.5","targets":"[]","timestamp":[1594215395,178061],"payload":"s9x2gHU8EDZzW+TwzgYY34KQnRMwF8KpeDE1zOYNK4iVv9PXrX+2HFTV4W/Fx3ZinZAk9pwV5nzj+g7KHzMhpekSUvcsVHVxgX7NRlcJ0IgKU4tXbi8OYMkdo3Z9SIBpz23XrNTl2QMjOAZIGJxuNO+QK+QuE8T8o4u3T9Fm2KXX/Ixqe5mLEsi2a5+0uk8INpNW0tg02JrhLYVlTl9OOYdgToioG232OGP2BIz2FHG0xGSklw=="}
Reading: -0.0971 kg
.basic","msgType":"notify","action":"attributesChange"},"body":{"HX711":-0.091667}}{"header":{"source":"uuidgen3f7d07d1-2e9a-4d0{"version":"0.5","targets":"[]","timestamp":[1594215406,189201],"payload":"Yjn4UPFMKxr8Nzix9YrC9RjYq/JzZq7LT5upgYOOMiqYzkHkbRKsgvL6z4sIaBmi8QpBsE6+g2to5pqfAyZYRXTIf54b55fLRVmsYNfqaiD599YHYfSGGgMqeCNa8zT9XeTG3v0fhmIPgS8z3udKtccljh5j2UVFcV8xys9inkqy/DVz+zyqS1fXWYXU6rdjOZpMwduiMvu+A8DMcoxMHOuOK8MfcAMcQr1KvHjaQK57kR0="}
Reading: -0.0996 kg
f-b4fe-50b2f1352202","devType":"HX711.basic","msgType":"notify","action":"attributesChange"},"body":{"HX711":-0.0775}}{"header":{"source":"uuidgen3f7d07d1-2e9a-4d0f-b4fe-50b2f1352202","devType":"HX711.basic","msgType":"notify","action":"attributesChange"},{"version":"0.5","targets":"[]","timestamp":[1594215417,200341],"payload":"N+Sht1NN91e58aCdrWComUYRurhESm+8ifTHcEQf177A3eBuKeG+KHLKo5FBzJ10Up4eRrTIa49MAg6peUIOuH3WAEezG34hBrf+BVjcrTh67LHul5FlJFzlCihRgmyxU5vL4uiRzyv+vwEKfrK/b0i8eG2RexsP7upSoZH6StGIXKp9PdQvvWUeQZM/zkCiBDH/nfz0yHS1wR4i7+uPA44SHeO+wiQMjj3UbNedgbkK3y6D"}
Reading: -0.0929 kg
"body":{"HX711":-0.09625}}{"header":{"source":"uuidgen3f7d07d1-2e9a-4d0f-b4fe-50b2f1352202","devType":"HX711.basic","msgType":"n{"version":"0.5","targets":"[]","timestamp":[1594215428,211574],"payload":"R9WkuU32AisaVa4mK16vKnf13hpr1DABLpVMocQiDztWnt4zqbCjiQTfJfR/6ldNdAg5DobUlsWUiunjpGZsCbXq82gu486lvd8OSgDil23Z8Fbl+ITyrRk3Caw599pQNGUaFrBPC4Fpf5UqFw6xGt0flBr/4OLnrHmkL5veP4Ul4thMK0+A8zqh/t9lJex/o6nzD/Uz5HJ9GEuERFeAZz6d/y6FiamIlnm/0DdUa3Rni8O7Yg=="}
Reading: -0.0662 kg
otify","action":"attributesChange"},"body":{"HX711":-0.104583}}{"header":{"source":"uuidgen3f7d07d1-2e9a-4d0f-b4fe-50b2f1352202"{"version":"0.5","targets":"[]","timestamp":[1594215439,222713],"payload":"EZIYBkZzBbb/3Zz004OUKL6sDMekL2gwh3HpjjFe8eD2uotarInssq1gwlb73M4dozukf/0HqR3YRiR97hel1kmPLAKU0Njr1dc0Gx8NaiUkXlluq015NAQepyfFfv/KpMnBFPe4TYh0/aHFIZM5T722dp+0ju+mEdE1JYIa5w3FtZEs3b6s9Oo/oX3DUdLxzbbemwWgbZWERtIfgnv2oRFvJfQ9oQuZx5TXxEQw6NPoDl/Fzg=="}
Reading: -0.0787 kg
,"devType":"HX711.basic","msgType":"notify","action":"attributesChange"},"body":{"HX711":-0.100417}}{"header":{"source":"uuidgen3f7d07d1-2e9a-4d0f-b4fe-50b2f1352202","devType":"HX711.basic","msgType":"notify","action":"attributesChange"},"body":{"HX711":-0{"version":"0.5","targets":"[]","timestamp":[1594215450,233852],"payload":"ZJzQQgL4qW1wLkFR83qn0UUbCxda7Cu5uauKGk4OkRrANalbWmKSBklJur/KFKKnWy8OSkot347PDPRKWEtdia15HgUCKh00REA2TkMIJedK+HbC7L/UpUKdL+8IrAvqA2QbchUYfQgD/kxc6rtAlEgrgXXszgo0hNfh9LshBUIWQ3RE58ccJVy4VSWrlWwATHkpOefITe9nDSs9ZwoNDsbannzcGmiCo6oWH/VzyHM3TYJQCw=="}
Reading: -0.0312 kg
.092917}}{"header":{"source":"uuidgen3f7d07d1-2e9a-4d0f-b4fe-50b2f1352202","devType":"HX711.basic","msgType":"notify","action":"{"version":"0.5","targets":"[]","timestamp":[1594215461,244072],"payload":"mGtyphsaik8zmnBSONRsBgt3heZvENieN7uKsjCG4kga65lV4fscsBAgvaWGJ0pma44QxR5J/0fcSYlu5u8A6dcavBNEfd8PX0c2xXlejqYp/uRARxvDsfdIrq4T5b8NAryZMsCVjwQm7IThdtTZzU1fy7fs4enqTXgyVygDFK/XTKaH4UXzwQNvSjUvsXTLMioMLBSzL6lGOjQQNov9MQyXuPluqMUesHjehx2pBAOn"}
Reading: -0.0779 kg
attributesChange"},"body":{"HX711":-0.07}}{"header":{"source":"uuidgen3f7d07d1-2e9a-4d0f-b4fe-50b2f1352202","devType":"HX711.bas{"version":"0.5","targets":"[]","timestamp":[1594215472,255211],"payload":"TDbxMPFD7Dm3kI5wjbU1XIQrqUSIyKWEKu9+MmvEh3BN2a7KQh+s2q5HrZIJXaPUYsPcRyotLKE9yOuJGU1lFENkFMKnTB0p660HcxXFYxEocv9cImLb1XrIIZsquxF03C1K5usRk4LROs4FMMBcG7au+4vDSw0la9rBTvgSt9nIIQqQ5crXAOMoeYyyOsoStaNYMM3ruuGnv5ExTV5SV13fbxl3+i/hLbk4Oawu5UPkrLAx"}
Reading: -0.1129 kg
ic","msgType":"notify","action":"attributesChange"},"body":{"HX711":-0.10625}}{"header":{"source":"uuidgen3f7d07d1-2e9a-4d0f-b4f{"version":"0.5","targets":"[]","timestamp":[1594215483,266351],"payload":"9Eox1ovwO413mJkd+ewP14Sb5eUiV3YU//pBqAc9x54cdei6oWjz6qppvNWQRyD784bepxfu5TEAMXttHAe4JTQUSaKIYpkQBmEIDe0Cp4uJt/Dn+LNqVpIiPU80L9zC/60h4a2rt4+vRlJmZj6dbHEl7JTQ39nQ6VpLKdTZbARu2yRsrGAqwmqhKoEILJ52ym0o06befXji3D8eoWp7l61f//EwkT3i+KnckmkNZZx+K5WRQA=="}
Reading: -0.1467 kg
e-50b2f1352202","devType":"HX711.basic","msgType":"notify","action":"attributesChange"},"body":{"HX711":-0.082917}}{"header":{"source":"uuidgen3f7d07d1-2e9a-4d0f-b4fe-50b2f1352202","devType":"HX711.basic","msgType":"notify","action":"attributesChange"},"bo{"version":"0.5","targets":"[]","timestamp":[1594215494,277490],"payload":"7STXBYArGfbbef8hAqpBtDzJy/duZe1C/Rk7icTRJWFgwHlbLF2XZICCy9mMM9ilZZsdQBAOPvSnsZGkbEwFWOtbQrAKRb0POn94kZN/soS0g+u/n+PBNmcVSBpmFrAFO4PISLsdPqpvaTYzmotvHfrsEdVBNbzIzJ+kQp8fLTdO6KF3cExxvJ+1PGeFxRKAbO9MHtqz+D3JnaEyHPXpiKDqpLOD081LhNmNtyE/TZH1Z6/EZQ=="}
Reading: -0.0917 kg
dy":{"HX711":-0.118333}}{"header":{"source":"uuidgen3f7d07d1-2e9a-4d0f-b4fe-50b2f1352202","devType":"HX711.basic","msgType":"not{"version":"0.5","targets":"[]","timestamp":[1594215505,288723],"payload":"2MfO2brRrKeYhcaAk5rq9KhKFCkhsn5fpdz/yO++IKJTcaBrKw3GqfW/2y8mwgpLlA4rIh02yEhhuXUkJKi68ec1kPEAsf2b01cfbOLdWHtCkts0X+3k0HucDsuACtifQepxS6AGZ6ihsZSy17Cip7zXcPkyZheZUoJzali6Xow6AAW/GfP6v1z8u3emEoOf5fgkJULsgJSMVzk/JrCTcYkVUnhZCYowTqzP9uj2RnC1a61Y1w=="}
Reading: -0.0821 kg
ify","action":"attributesChange"},"body":{"HX711":-0.080417}}{"header":{"source":"uuidgen3f7d07d1-2e9a-4d0f-b4fe-50b2f1352202","{"version":"0.5","targets":"[]","timestamp":[1594215516,299863],"payload":"w9E0Cb5gCqEu50biUOSYVLIAQGNF22k+xOTawlz9a0hg7Cn6DErshb3LIn5tUGymEEssVbR7iQBbX2cuv1gEdUAIRoR+EAqTud/9UuvIYCn1/cmF+ppzT5Wzmpu3jFh3iSKT7Epr8cYOYIJ5G9Lkg0/zi0560mzjq7O93rofSiGFS0NdeF+3kgmQUMYQ/Tqr6/uEjkpnrIl47QABFLW1S73y3CNdhfM9kL4OG71tHSySalO+SQ=="}
devType":"HX711.basic","msgType":"notify","action":"attributesChange"},"body":{"HX711":-0.092917}}{"header":{"source":"uuidgen3f{"version":"0.5","targets":"[]","timestamp":[1594215520,303090],"payload":"wLDho7QtlQEdjB0dklspefuLzjnu4XfcGwmuABRDBuzLIniMs7fPsdDSgApuwVDMh9XYT7R2Nj8ZfDwDA5Vm6QoP3QrRa6vWuV4/ALu5pC3AuTjY5frEKcr6ECsAt8RtAb71G2xTmMV4X9UWuab8k9dns8IWnZx90uoGA8oVrQViPKnhxUM2o/HMATMAwpshLVOqsZCaji4TIHEM6yhogxRl0Ul4Mg=="}
7d07d1-2e9a-4d0f-b4fe-50b2f1352202","devType":"HX711.basic","msgType":"notify","action":"alive"},"body":{"timeout":600}}{"header":{"source":"uuidgen3f7d07d1-2e9a-4d0f-b4fe-50b2f1352202","devType":"HX711.basic","msgType":"reply","action":"getDescription"},"{"version":"0.5","targets":"[]","timestamp":[1594215520,303119],"payload":"Le2oOCqS+N8OCYoxKgJubhQ7YsJlmQGcv8mRXIt5edQKMGiqS5/1MktaMnkyz49Lp67ZqoYmy/rA8ZJCy6eCMdpIGpJcX5magrtQ7ytJmFl1voB8xc42GDXfwUEkdI+aiiZj9TFXsroR4dfXDWgNiE+HKBj8niEIX9M85Rd4P2RMGDhnMZqiCjNY7LG96TaPUoej9bXyo7S/h1ZGfZ7NV73kBSiqFAx1sEwZ/II4EDcira404sFG/80MTvpx4wsMqXjaFIkh5q2MekidvTi14YgFFlYUO13UEZPhO81p2abt6g=="}
Reading: -0.0871 kg
body":{"vendorId":"Arduino","productId":"esp32dev","info":"ESP-WROOM-32"}}{"header":{"source":"uuidgen3f7d07d1-2e9a-4d0f-b4fe-50{"version":"0.5","targets":"[]","timestamp":[1594215527,310175],"payload":"fwNszWkBSy8q6qhaJFZES6NI24mjSJXjeRiCrRPCZ9MUKlMUWbHuN1TR3e+jtTlu4TJphIjQ/vPJOBCswJK0wW4/70nmKmBkAPQLUhEF9GnMYC37lFfvYlCaAk/3C1PMympYgaH4zvhyPpfB9J4+ruXIX+HhtF8twak9MoqR7c5ASOqkB9In1uxopnLnqm0vCEaB89yuJm5Q3Qo3NgpSXXuOFX6H00h3ULtuu/ASU7i4MfFdhQ=="}
Reading: -0.0737 kg
b2f1352202","devType":"HX711.basic","msgType":"notify","action":"attributesChange"},"body":{"HX711":-0.126667}}{"header":{"source":"uuidgen3f7d07d1-2e9a-4d0f-b4fe-50b2f1352202","devType":"HX711.basic","msgType":"notify","action":"attributesChange"},"body":{"version":"0.5","targets":"[]","timestamp":[1594215538,321314],"payload":"M8kaQVKANMuPV5C3vjmFxlvBXKDD5hYaUrzoAJVt0EmCllgVSZz1E5Lb10Fqrm1pYT4nN1o4U9oz0+/WCI3pifPBRvsyIocyAyBZMj4+SMoIOJV+ItkxbTKeMNws3mVanJ0ThNeqSzQxyhl7or9Xg6rj2WyqfCCRhMgvML/ASwS9M862XHakE++HdC20bBgWapy3Zp+XoEydLk5jEsmz95Ey/36w/eUA9R+ERbWuDH1Dqzramw=="}
Reading: -0.0567 kg
{"HX711":-0.034167}}{"header":{"source":"uuidgen3f7d07d1-2e9a-4d0f-b4fe-50b2f1352202","devType":"HX711.basic","msgType":"notify"{"version":"0.5","targets":"[]","timestamp":[1594215549,332547],"payload":"FY85CzrCpuXuldRlvvWwH5F2ZOhJfAuUjjmQVOs0f3cX0Emn/2DGGK1XOsQ/jeMJfjHEmQM9VOxw9s+NUPkFNyFUW8ssGYTLYIEA5DwR9On9b1zfSqRQruyUIOqoj8p43DwXNU1VbG+dc8Q9v7Ezpv8WG41eWRFtFKfGGCM7Gdgkr/27wYJJss0paoq6+WaE8wtRw7X1O7G67Cr7OO0lsNC8xK7JHLvzSgXc+8OHyUj60iip3g=="}
Reading: -0.0508 kg
,"action":"attributesChange"},"body":{"HX711":-0.030417}}{"header":{"source":"uuidgen3f7d07d1-2e9a-4d0f-b4fe-50b2f1352202","devT{"version":"0.5","targets":"[]","timestamp":[1594215560,343687],"payload":"UUZM2SNrn+LaxRqeWyxnwBIw8FspMNnwQVgWBdmfHxmgU178bdVPAPZfZipXAaoXL2ScA4dRQyaMiADX+ds8lXedPsdi/NNAwODWMZVU6SWKaoujeI0f7/R5J0f86NWRVC23iOM58vMVOyE/A9PvY6ncTJfdmhDXeNx/2NXODIglvb+fKNDtmPDuEuS0bWCTDYnC6d/UF/kJpPQlbIKkmAicqRlpB3rYW/Ep2txONjzSzp17kg=="}
Reading: -0.0633 kg
ype":"HX711.basic","msgType":"notify","action":"attributesChange"},"body":{"HX711":-0.035833}}{"header":{"source":"uuidgen3f7d07d1-2e9a-4d0f-b4fe-50b2f1352202","devType":"HX711.basic","msgType":"notify","action":"attributesChange"},"body":{"HX711":-0.07083{"version":"0.5","targets":"[]","timestamp":[1594215571,354825],"payload":"zEk97T97Itc+kpKrUzbCYILELrma2SFJ4IRnaCK2CtPlv+YGF7PsNIXIrxm9KTTNrZ6otntaPjziKno6+WwJn5sFMyC1I97aKLapm8aLe0WEgM+gEMgo3Acv7HQyJaFItZCSqIEe6niZpi2+EB+EMUD+76d4jgFobN5CiHfAvw1WG2zwNbdpDprHV9GSTgHMefHKD3dBCcfTocbduO2ObJ+Ju9Bl297enqUjjwViFSsooYF0GQ=="}
Reading: -0.0317 kg
3}}{"header":{"source":"uuidgen3f7d07d1-2e9a-4d0f-b4fe-50b2f1352202","devType":"HX711.basic","msgType":"notify","action":"attrib{"version":"0.5","targets":"[]","timestamp":[1594215583,366057],"payload":"qOcRgbGKf1uj5N7Z+falG0W89XDA3KgYrJJv7qGfgueYlZBDcdxfxPbBLx55BsBKrj7Wh6+/zJGD8qnVftYMuo7+L5vVgvJQ9lg4P2zrugDxOzhUxJJ4WDSz4Z7tMTM/pIbGL9eLfzMvrx6wZYP28uhPEU/9QmOgILSDl8SzXZ59QN/ksIKSZ6ebm/BS1l6MyAqGgcKw8/E1ez8rivBckdIpbuzKwZE1cudyqR6g4n134p3o"}
Reading: -0.0979 kg
utesChange"},"body":{"HX711":-0.01125}}{"header":{"source":"uuidgen3f7d07d1-2e9a-4d0f-b4fe-50b2f1352202","devType":"HX711.basic"{"version":"0.5","targets":"[]","timestamp":[1594215593,376276],"payload":"3b/wRN1wPK6eNq9zFGO/9OCaY/bfkZHy9aW+X2oYhqWWMNMQaOsHT5ZP5zg2r5f8qXVXkLovW0guiTfFbM54VcAhx9H54OhLQU+swZnPogYiliQP8B8e4qFyyS7rshTbkKH4hecPl+XjpYIu9PNeRVxz0k0iyZWc7Kgj2JmjPDc8WdkLrnAEu8UBIUIpPtpB1uUK7fVGROlmBZlLpyQNG0IbJVEtG9JKk022RGE9EsP9m9C3"}
Reading: -0.0312 kg
,"msgType":"notify","action":"attributesChange"},"body":{"HX711":-0.04375}}{"header":{"source":"uuidgen3f7d07d1-2e9a-4d0f-b4fe-5{"version":"0.5","targets":"[]","timestamp":[1594215604,387416],"payload":"qpgigUIrrTyw9Xm+D3u+5QyirPvFY924e7VWltV2BMKnR5LfWDM8WRJyuhDOd5lNXy5MVl4tUTC1iGJh74NhotwznmOXmIkY7VmxXLZGdz7L8v2ZPgPu7/UU7t9UkDGF2o++jwCCnADvLRDhjZU6AyRlagsMYju3JaF3/Qg+x9Lzx5S8k+6VRGtw/6tfPF1OK2iMz24FFJerRDxYLwvqHWXG7yyjrW6TxdjOYfMj11Te5o+fqg=="}
Reading: -0.1029 kg
0b2f1352202","devType":"HX711.basic","msgType":"notify","action":"attributesChange"},"body":{"HX711":-0.001667}}{"header":{"source":"uuidgen3f7d07d1-2e9a-4d0f-b4fe-50b2f1352202","devType":"HX711.basic","msgType":"notify","action":"attributesChange"},"body"{"version":"0.5","targets":"[]","timestamp":[1594215615,398556],"payload":"do31DoKegPKgOgdIzoAtOMqrDL+umwoIDhWkU+N0ZS6aqeBhKEcpxWiMYZOFHInAfQOPXUNZfu0Bx3bCvTyPhkr2vi4beLg5ZRUUSJfDaxOG9Du1JzGFh6isE3zR9vDrjz4X+Bk9oBAoAUz55yCyw99TOCgQ7VdSxGw+JNW31oSpz2iSpc9cyWXyuVkRiOmXlz84N3KI+v2f6C9HS/PiWHH5bm0OWvP0ZLhxVzwmoGs+musSCQ=="}
Reading: -0.1004 kg
:{"HX711":-0.088333}}{"header":{"source":"uuidgen3f7d07d1-2e9a-4d0f-b4fe-50b2f1352202","devType":"HX711.basic","msgType":"notify{"version":"0.5","targets":"[]","timestamp":[1594215626,409788],"payload":"/KUBVBFM+BWnTmSSVBjl/Kj6vtg3cmtvV6O9VF7ezfDi2MERRNRkLw+0sTHXqZjNUq98Ax16/mbPNSP3LMHqUdYOKuZSll9Zn1TiDEBT/6DGIPBq8oLdZvbnLAJlOtwbVP/il4ABqbTKrCkLu16wdpxLaEgXIQskRguuZvb/ey2RHhdi+Q6B5xL7W0pEHY9808Y4tHp7v8FlyvMiJlYDyiae6zx9RJi65LDpySCxVF2Vpm7GbQ=="}
Reading: -0.0571 kg
","action":"attributesChange"},"body":{"HX711":-0.079167}}{"header":{"source":"uuidgen3f7d07d1-2e9a-4d0f-b4fe-50b2f1352202","dev{"version":"0.5","targets":"[]","timestamp":[1594215637,420928],"payload":"2shrrD1p73s344Nk9mOtUlMlH1xwVvc45oD+FE7sEcCxp3IqVblXpNAX4FZH3+lzfqVA7sSwSoeZK8/NbVj0IZaf20iy9WJg1ChFylf+EQmZv0M+27JpXY9Sf00HJqoFPkZb2tWd4jleEyfhLJuBeZXH5ioECSK0l/BFkpJvi7Yjno//NVUaQe4/k4dvgsxvYah4AJXp0rza9jKmnq+aDNZXhnIoMTw/lXn57vmy3sgKazJseQ=="}
Reading: -0.0783 kg
Type":"HX711.basic","msgType":"notify","action":"attributesChange"},"body":{"HX711":-0.071667}}{"header":{"source":"uuidgen3f7d07d1-2e9a-4d0f-b4fe-50b2f1352202","devType":"HX711.basic","msgType":"notify","action":"attributesChange"},"body":{"HX711":-0.0654{"version":"0.5","targets":"[]","timestamp":[1594215648,431146],"payload":"tXFTfukyL4dGSBdO4idjUcFEjQ1q8UwBKpwSfMuGzXTj/tcLZf21wwOpgYyNlvg/lEAdZSXGAJ5SuOAaZRNUcIVJ/HpI/DLsmFWrnksJSNHj6E6RcrSZiCLHIxDTcVV8sn5KVMqVe0BNS5TBD1lykJIo8N3c5OfGFluUm1vz8CjfGW1rvv0DHhTWfdCusREtUJNXLpz6xl4HxS+zvyMobOJWkyMl5xOPBMKH8VKnCh1iqidRWA=="}
Reading: -0.0646 kg
17}}{"header":{"source":"uuidgen3f7d07d1-2e9a-4d0f-b4fe-50b2f1352202","devType":"HX711.basic","msgType":"notify","action":"attri{"version":"0.5","targets":"[]","timestamp":[1594215659,442377],"payload":"oA0p3i2QYiEfAvdCrWwJJIQ4Z2D4UI2Z/kuL0Hq25D7wyaMSvBRYgK/i33QgYXaV/24/H3sI9IcaF6mg6Ppd/gOVp9ky3ueVJ09N0vQQ5M02y93OZado/i3+dDcTztCNWKA/vo32moFmMbqs59tK/NYOIPd5eiexq1JDSpgV7iZrOEeHUdmQIkk6z0HtKhpO1j3ejPKOVRSSb8sdwqrEg9qgrv2tTIPc6f6D9MPcQPfPQw=="}
Reading: -0.1400 kg
butesChange"},"body":{"HX711":-0.105}}{"header":{"source":"uuidgen3f7d07d1-2e9a-4d0f-b4fe-50b2f1352202","devType":"HX711.basic",{"version":"0.5","targets":"[]","timestamp":[1594215670,453517],"payload":"GX3JlMNWaUNOOiTfByGI4imZI12IMdAOcjD+RwAabykDWXVpvxE/Z3rUfuqr5v/AJv0CEltiIR4t026AIiYlbMMontu/x0saZAL6LmTcC50W828xVyk8qt59x8+3h8mn8V/Tl7eqnajhWjN3aJm/kXF8Sr9iULDZyvoArz7eDz+OB2y6rrSUmNf5dXGB/i6giVZvcjBjRikE3+Lc0m2qONqJJveKZC2N+kve8LGc9ElxLg=="}
Reading: -0.1388 kg
"msgType":"notify","action":"attributesChange"},"body":{"HX711":-0.095}}{"header":{"source":"uuidgen3f7d07d1-2e9a-4d0f-b4fe-50b2{"version":"0.5","targets":"[]","timestamp":[1594215681,464657],"payload":"HC8pfZsIrsJryoqoDnMteEzY9zk6utQ6ptVXQYs87wfxNXXnPucGb6Tnz8ksk41sD5NM2MU2xPCiuREcpv8Yd7bdVrp0TCGJVbZknj9ZOvkCyWZSf8noZuSNJN0ZKwziwb9wyokjZWKPZqB4o1rAMNztIKTCnpjyR1YXLoBjyTuCeJzW7v/SLNbKRdnSz6/ydZMYTtSE9AxShekHmLdvIqsBn0qZRHR4ClR0ovclqPTvOedmuw=="}
Reading: -0.1308 kg
f1352202","devType":"HX711.basic","msgType":"notify","action":"attributesChange"},"body":{"HX711":-0.103333}}{"header":{"source":"uuidgen3f7d07d1-2e9a-4d0f-b4fe-50b2f1352202","devType":"HX711.basic","msgType":"notify","action":"attributesChange"},"body":{"{"version":"0.5","targets":"[]","timestamp":[1594215692,475797],"payload":"VG827eK3WpltRIyszmvLl6qY8/h8RLMIcz9h6Q0w8rlCUNVDdRED3oqg5bwyxVjIm2/5mC4smQB0+WuDtKKRn/9gd3G6vf1cclAqOuPDvTuETPRwAxvXsYMA4WxJQ4Ui+xAA33AzM2XO4oC0eggPnh6Fz7yJ984fp9ARjiseEGp46hZ0Mu8N+WbPVEvVgi+A/tfXvQabWSS0FV7qyghPdfpxBfKM5Bp6AA6non/QgDKHZC92"}
Reading: -0.1213 kg
HX711":-0.12875}}{"header":{"source":"uuidgen3f7d07d1-2e9a-4d0f-b4fe-50b2f1352202","devType":"HX711.basic","msgType":"notify","a{"version":"0.5","targets":"[]","timestamp":[1594215704,487029],"payload":"M+ixqgnSZOvIufDXUQDYQNFT+z8NwD40lOaoSKtbAQVX0Wm24NSL/1SxUDg6LEUzI1HTi8D5285PtUj6RST+CBMy+kmG6T3QVFWxLoUVotmsWuhUJuof8MspTJCix3X5KP7siZpkAa9Tx8qWFoH26JMWC61ovw2I7R5moV+qBj4/8tKb0Tu3pBJ8keIu58P5JZXy44Jr+WatXttpWRvWd8U5XZq4QhqhXNvmdJe37hf0wNHKbA=="}
Reading: -0.1825 kg
ction":"attributesChange"},"body":{"HX711":-0.092083}}{"header":{"source":"uuidgen3f7d07d1-2e9a-4d0f-b4fe-50b2f1352202","devType{"version":"0.5","targets":"[]","timestamp":[1594215714,497248],"payload":"9nOS6K9dn+c3Sso5hPivpjv3NR+1fGJjOKfdWXvUk/yBN+/Fqv/0cV7XI95E3oVse92IylIsStPnIJFKQkxFoTaOYonfF7SoGo/s4NGP+qv8WehMJKHswWYgxg7jdW8XDVdyI3o0eg5rds4eHjxB8HEolWOSPJOhgr3yOsJqVWfdNPGb3rbzYrgN48pN5Es9yKgfANn/emlHvS8Dr9XUXCEyjUHZk0Kzv0OA7DDmdA+D64jJ"}
Reading: -0.0896 kg
":"HX711.basic","msgType":"notify","action":"attributesChange"},"body":{"HX711":-0.15125}}{"header":{"source":"uuidgen3f7d07d1-2{"version":"0.5","targets":"[]","timestamp":[1594215725,508389],"payload":"gvtG96pXLrWpkB/pVkanmIdxHQoPHPf14A6d4c+FPFBfTW2imtBu4nX88blkkYF68VMKLodK8oWfi1fKqHIbYyI8DSq2FPEPo0rn+QMcX6lSTWVJTEqp/BNWzMJX2qOvPcqC3s83HEe0kfKSP+uZZMwVpxjGwcJgSfw9tpirwhYHTUqSzwBxoF3XSAy+whGxoIqOzZQPrxQymzhAMFbV5ASoyRgk+wyrT9at7xf1PMs9YAjKYw=="}
Reading: -0.0996 kg
e9a-4d0f-b4fe-50b2f1352202","devType":"HX711.basic","msgType":"notify","action":"attributesChange"},"body":{"HX711":-0.098333}}{"header":{"source":"uuidgen3f7d07d1-2e9a-4d0f-b4fe-50b2f1352202","devType":"HX711.basic","msgType":"notify","action":"attributes{"version":"0.5","targets":"[]","timestamp":[1594215736,519529],"payload":"TBXTUsJ+lhdgMe4BBd/iZ0ciPT1raKkbPZLL0V9kAoCbQhzZUIXXWdz/w9f9wr9ruyttaI3x7aUKSF2uS4XnawXWDOjtVpZbErkWyySCy9zYtdd/ttrhUjX6rYkQef1t5N8mpPr9kEP/PEcCWa/lKmr+n3aKKRQNlrA60W20uumHoJ0eIbf3lOJuTvze5ym3P/oUnzbGdWsoiHelBfdr+E5CKJ3h/ovhXyZhGFThFfx0E/0+Jg=="}
Reading: -0.1146 kg
Change"},"body":{"HX711":-0.104583}}{"header":{"source":"uuidgen3f7d07d1-2e9a-4d0f-b4fe-50b2f1352202","devType":"HX711.basic","m{"version":"0.5","targets":"[]","timestamp":[1594215747,530762],"payload":"8toeMySar6YeFajioT/soMNuU+K2YCsWZKZ44NJWoL/U5sAV1r7CdyzVktfJs+RyntblQUafGE/4XOXRyOPYOVbGwjnB9yhE2TRho6CH5Xp+DlmwyJQI44UmqJt+SE8nzWx9dCXqa9LrWN+c2hVjNaoqZKTEof18NpIzXLAbNd5oRfyBOe6ZiPmjTSraG68cL+3sNQxPZac6In7qfaBoYARPWCFhiv29z86msaxY7czUQwzC"}
Reading: -0.1442 kg
sgType":"notify","action":"attributesChange"},"body":{"HX711":-0.12625}}{"header":{"source":"uuidgen3f7d07d1-2e9a-4d0f-b4fe-50b2{"version":"0.5","targets":"[]","timestamp":[1594215758,541903],"payload":"YWP0gG27gvPI/wvcncLzXCm8IDhSHFcBsyxzJwkqq5Nl0/MZhbWNF10nfi3vqQCaZEzCl/L21InN8zTSc4yNweRvdGQm6qJOcmTuo6QaJ5sFrNJlqUNRwhq5KAZT4lLPksrkXg+REGlKMVkmdAaq+dzFCX3/otauFsd1AH2IPF3pxmOxsInKzKSQMlE4bXktBWLBTzg2X+MQViDG/Lmmv/l/ezELS2XgVaxDoDBpShN9Br9akQ=="}
Reading: -0.1138 kg
f1352202","devType":"HX711.basic","msgType":"notify","action":"attributesChange"},"body":{"HX711":-0.140833}}{"header":{"source":"uuidgen3f7d07d1-2e9a-4d0f-b4fe-50b2f1352202","devType":"HX711.basic","msgType":"notify","action":"attributesChange"},"body":{"{"version":"0.5","targets":"[]","timestamp":[1594215769,552122],"payload":"+j21mlp7o/bC9YEivO7pA/xaGBE0ZGrIUK1DxJhVlc0G3V4yrnBWLK65WpDbnzuaZ70JR3GWMvzRvWeLhxKUghpgT2WBDtx3kfVu9VZWEz3wquz8Vln3HhMxDKklgAGJb/xmnIqapZA8pCBeSsgCMhWbvnj+3P4sRNi+ApqraUBAlAQs10x+CVywp5ziOQcIv9R+LJvxrCoo5/thDceI5r4T+1ZoGuJD9rvBwKdTDyjO4H4JFA=="}
Reading: -0.1233 kg
HX711":-0.147917}}{"header":{"source":"uuidgen3f7d07d1-2e9a-4d0f-b4fe-50b2f1352202","devType":"HX711.basic","msgType":"notify","{"version":"0.5","targets":"[]","timestamp":[1594215780,563354],"payload":"HI9aHJxZYg76wevrNtyZYbRACAsstvjlbPGHcs87vp+F9p9Lvn5SHSTwzJ035M7qBPGl2flaA/8fONhDqGAfh+EoWEaJbKnNYOpdVuyZLxx0ubfo+zUBGY07PvJX/S0DS5FBvESzGsjx8QZ7yC5UGnGAHb8gB3Cq5Ce6o14VhKpKv0TzIkzXN/9CgEr6uFqlULWu2QITTFBEVblwMKyfxYFxyfhwuvUYegcPDKdXQJzmUh/siA=="}
Reading: -0.1454 kg
action":"attributesChange"},"body":{"HX711":-0.134583}}{"header":{"source":"uuidgen3f7d07d1-2e9a-4d0f-b4fe-50b2f1352202","devTyp{"version":"0.5","targets":"[]","timestamp":[1594215791,574495],"payload":"5FT94s0JVnuzEVLMAsVJEmTtS7YLVXyoJSAwVrsnH4JX83/QV722C1w2b3HXUgeaGZCrekSm5gCR7EU/L15dUXn8FWrgK8seGTuGV5jNEYp2YBjmnunal9nd1GoG2px/yX0awwqgtAbB+oXRYIgjwIwTxY42eg4uPVeRqBFCF3knibv+YKuDblfu0zAjMY3JVOIsW8Tk0XhsBxwIyZ9MHSEChxjzfZiMU1JPxgNHSZuiQN/9"}
Reading: -0.1696 kg
e":"HX711.basic","msgType":"notify","action":"attributesChange"},"body":{"HX711":-0.15875}}{"header":{"source":"uuidgen3f7d07d1-2e9a-4d0f-b4fe-50b2f1352202","devType":"HX711.basic","msgType":"notify","action":"attributesChange"},"body":{"HX711":-0.179167}}{"version":"0.5","targets":"[]","timestamp":[1594215802,585636],"payload":"Xjhse3g/JUrpfbP8tHo95ZXt/nHexWKiTBMF5s1knE0Y4/xrCNOF+Owz1HA/7E/rWBx1bcxSZ6EjegV034pTPV6opFlgvwNfzS6CvzipTqVKHElhoBH0NMRgkBc8tkJtZt/E8GzzFyBnwsp2OyoBNj6ykY6VBcWfd4SrZQFaPpJT4UYNfxZhSF2pLdoJi/AltNU2hu9suCmVNeaFVGMCX5WMcYW2cTqnShyZz1uDXzbL51fWKA=="}
Reading: -0.1967 kg
{"header":{"source":"uuidgen3f7d07d1-2e9a-4d0f-b4fe-50b2f1352202","devType":"HX711.basic","msgType":"notify","action":"attribute{"version":"0.5","targets":"[]","timestamp":[1594215813,596869],"payload":"JNrh1dd6TI5o4m6Gj63DeAV2AjvIyLPIPHlSiaO5+djzXJnztKLmaXRXN731RLrzRLJtn3I8Wu0OuxPo2xPdZ0scF/DLqo9APIgIdMI98cp49dZdpgVZ9sb74BqHOAFSA/1zA61yHeG44JW6e/2YRwGOVPB2mGuVU3r4Qyx1XuUeBJ88loumq171HZa/pZbC/yHaxajVNN97aga/AaGMVvSQAKNqwaIoZ04VDQUEky2CpcyJ9Q=="}
sChange"},"body":{"HX711":-0.175417}}{"header":{"source":"uuidgen3f7d07d1-2e9a-4d0f-b4fe-50b2f1352202","devType":"HX711.basic","{"version":"0.5","targets":"[]","timestamp":[1594215821,604048],"payload":"dxvftdzzCx/N+wndTNfhkb8oCwQkThBzcgItAn37y5+0vMBkgYVtvlYQZcPeDQLam5jX25tSxIFBDqfVBsIQw9lZ47pb+m5HsffkVgrnlXEHo1nBxJWAQ+fsC1IufRuew+faetjwPJUTj+MsXvY4c2+BnR1VXGtu5VYVfY6yCf484u6qi2aCNuwoJTShwLY8KqbeEGiqCcpGO+FT27JpZk6k8FH3pg=="}
msgType":"notify","action":"alive"},"body":{"timeout":600}}{"header":{"source":"uuidgen3f7d07d1-2e9a-4d0f-b4fe-50b2f1352202","devType":"HX711.basic","msgType":"reply","action":"getDescription"},"body":{"vendorId":"Arduino","productId":"esp32dev","info":"ES{"version":"0.5","targets":"[]","timestamp":[1594215821,604077],"payload":"qAKEEN7ywEUPndNs6UYofLAmmkA/m1Aavy/d3Kn8qa11lobgYJAAbVEjcLR4+dqaaEpDWTk/uqZw0mR6U6hOoUwPXgPxu9lLNS1CxL/M0ntguuYx3zhAiuY/fp7s0XgCI0s0VFzfibT0KFjo/txyg0f9YAuZjKKKGtI49KKiAeTKFYBtuJhzBuKLZCaoRKB7oWTsREMIYoax/6uWeUR8jeb2kFTuR4fqTqeAiuoDSvaxKK6EF1RgCWf99Vbj80mG936ZZ2LAloqBHNMkAzvAaMIGj8SwnIxaAOEK1S7ymJz86g=="}
Reading: -0.1783 kg
P-WROOM-32"}}{"header":{"source":"uuidgen3f7d07d1-2e9a-4d0f-b4fe-50b2f1352202","devType":"HX711.basic","msgType":"notify","actio{"version":"0.5","targets":"[]","timestamp":[1594215824,607179],"payload":"qPPp3S7RbX18NArLv8KktUQElzVGqEf5BaxY9/tDrCJJSxZC7denAJcKChnK9cWY1lOQVR5zX4no/JToBanDg7qksi9ocE3O8nvcjLWbFVDyS6eqx4/U8fYiMHhX8RzuJymww4e6SxxWjrNV9V4cYGOsQPS+TNu6zo1ja7kU2lvGW2TfrIYY7FyR//QEvgsd+ZM0lKCsTbUbU1W3+Qr9NNAopEZxaVu/yHlNfPLTw3vbJuqtvQ=="}
Reading: -0.1892 kg
n":"attributesChange"},"body":{"HX711":-0.187083}}{"header":{"source":"uuidgen3f7d07d1-2e9a-4d0f-b4fe-50b2f1352202","devType":"H{"version":"0.5","targets":"[]","timestamp":[1594215835,618318],"payload":"PWtn7YgdtHWDhYZilRV9qnfkR36YVfH4D16o4CksDRdVwKoYIPj2PiaE1CwVbRnS6c01XrReWebOxN3wbZqVCaaeEROoxbhnRMdo+HSb5mPJrnkbK4nOM8OuU+cZq66muoqdhouTdrbCnfKH9Mukr0fBCYGCUjBWiXvnqRcgkvxfKgqjyH47ZvAMigTx6j+ITv32+Ej72F04n72vpo1v9g6kRZqp/Q0yiHgY/zuUyd4bnOfZfg=="}
Reading: -0.1833 kg
X711.basic","msgType":"notify","action":"attributesChange"},"body":{"HX711":-0.174583}}{"header":{"source":"uuidgen3f7d07d1-2e9a{"version":"0.5","targets":"[]","timestamp":[1594215846,629456],"payload":"xvJNaCjLSyT0w397xKyx7GND0efOdNUVGJDMa8X87SqhBH99UP2DA6/7CJghAduLgIzI/ijiu9YBzhP6IfSGxqGAp7YmtkMp2Cek4xvk5uzqA6dbCdDLHZtMUD+gjQNF+2cIoC3+8xzpu8mhngUKLIkUWGEk3LjpG0+hlNKbQA8zw9s6dfB6zZ1uwa7Ha0QtxaZTQXPpAw0f+h2LhQbvVDNNRFIYS5c+ypDwlGpHRpAUeA=="}
Reading: -0.1562 kg
-4d0f-b4fe-50b2f1352202","devType":"HX711.basic","msgType":"notify","action":"attributesChange"},"body":{"HX711":-0.175}}{"header":{"source":"uuidgen3f7d07d1-2e9a-4d0f-b4fe-50b2f1352202","devType":"HX711.basic","msgType":"notify","action":"attributesChange{"version":"0.5","targets":"[]","timestamp":[1594215857,640594],"payload":"Hp4t320fNYCW1uFh/qn6DFlVxPFTIbYXFhu0yI21UU0BBHKuvnR6NdEZdIk8CKhK/FAfcT0WDexlfdEDoG2iISdiigkdxcj83VPvE1HEZ/iWjRkWrvaajOv6dvU9g2R7izag/n+5U+gu/p/8yHDzPRdeXA3rTxSximln/wFz1o+jDgPHjLFdSm3Vf56wVJnSC92T8UeW0fHtMsf0nPhXjhbCINRGWgzb3HEZibTXyaY/9Cx7TQ=="}
Reading: -0.1667 kg
"},"body":{"HX711":-0.115417}}{"header":{"source":"uuidgen3f7d07d1-2e9a-4d0f-b4fe-50b2f1352202","devType":"HX711.basic","msgType{"version":"0.5","targets":"[]","timestamp":[1594215868,651824],"payload":"jf32SiBwNzoNHouAuGV98EIvboL9BmQf9VHA5lrAdcrNgN6tSbYsqCoBQMM7bcwqdFvqbZMGSYciJC4zHJnI7sySrNOTCdmIMTbETTp9YXD2DNf4lVHWnokOuWuAaA0vsNiHiixPNKntrJHTNhLzr8AuM8YmRUriq3FRCOZkkYfhEJNYgDSIvWUV8ipU8haomAxOq9KR2T3gig3arjXMwfkjpu1HbOs4TH19OLqMEjea9pQ4jw=="}
Reading: -0.1779 kg
":"notify","action":"attributesChange"},"body":{"HX711":-0.160833}}{"header":{"source":"uuidgen3f7d07d1-2e9a-4d0f-b4fe-50b2f1352{"version":"0.5","targets":"[]","timestamp":[1594215879,662964],"payload":"quE6xQ7iODK8R/1nEImr4tm80VYlpzK+8+svY/GsZC91oFEVyW2JDnQZG5j4awXmouooFqBvkYT+U1NAZ/0KNTSOAhJDsQYUy4SVENWFXstkZYzNpHw8MtZgeyRuullSN5v4zOWHhCHC8hXDolkEPayBN03nTWv1vHtnBRcMLjIGTwod3vc/DaTD/fzCYrdL7BnV/sjgtU7LOMA02F2UQ0fzj6u0HHQxToA5ZdcqblIB2uwZww=="}
Reading: -0.2017 kg
202","devType":"HX711.basic","msgType":"notify","action":"attributesChange"},"body":{"HX711":-0.163333}}{"header":{"source":"uuidgen3f7d07d1-2e9a-4d0f-b4fe-50b2f1352202","devType":"HX711.basic","msgType":"notify","action":"attributesChange"},"body":{"HX711{"version":"0.5","targets":"[]","timestamp":[1594215890,673184],"payload":"xgV1IBKULUTmHm+KLgcLiKEJmXbz5HQGB/J74jWXKNAmt0OQEflKJpzoyZaKTUp0uR2JiXanhPIAYSIY+taqkTeuI/UNTOa81Ld1CsREaqCuFzpEPXZTOlgr8gBhxvz6cA8PeflqLuocsjtQQLPqA2UVc0tqwEo1petoeK0dcPngoOE0rKvvy9WjJahKbz/jlfsWOBLtwWGavUMZsHuKkGQZQGJHm6zDCVUmCNa+o292"}
Reading: -0.1713 kg
":-0.19}}{"header":{"source":"uuidgen3f7d07d1-2e9a-4d0f-b4fe-50b2f1352202","devType":"HX711.basic","msgType":"notify","action":"{"version":"0.5","targets":"[]","timestamp":[1594215901,684418],"payload":"M2F/n+EGSiJLaHtbR3v9sAmDvfO7gVN4iSwTmkE3KsXE7WqIiYfYBTNkRJsv9cqrUTG5KEtsql+8hEPhy72kdJeRD1DaBPoaCnIzPzKxJjizvrfxwaSvJjD5jfTi7Rw+Bn/z5fWFQEenww6hvwccqVngGE1XQ8RghDzOXkIiCoduSXhiR/7IQCapCEmkED57oFv4LXMWcgjQkLje2S6bVQIKkS+NKDYCq/iqv+nOLr9zmzSROQ=="}
Reading: -0.1688 kg
attributesChange"},"body":{"HX711":-0.147083}}{"header":{"source":"uuidgen3f7d07d1-2e9a-4d0f-b4fe-50b2f1352202","devType":"HX711{"version":"0.5","targets":"[]","timestamp":[1594215912,695559],"payload":"tDx+ers1v4RrBF36iozp8yHf/cfalt2zkGtv6SfXaKaNQ42nPWm+Kva7uKr5Zq2kNKua+cSBFuioPjHeIao19ASScELpdAGuA95Xgi8qYkWzichF/hH2j30H+F/Ufv2w+kYSJTnt+XgQOxOH55WXhp/rkHbfo/tozkhyCGv01h5+I+fk5HnVPT1AlXtPVxQpEimNMDPZ7L4kBO2DMZjXUIEHDRbgYgw5JA/t1IG4jN416Dcd"}
Reading: -0.1371 kg
.basic","msgType":"notify","action":"attributesChange"},"body":{"HX711":-0.13875}}{"header":{"source":"uuidgen3f7d07d1-2e9a-4d0f{"version":"0.5","targets":"[]","timestamp":[1594215923,706699],"payload":"LSolut0oErvDig9CwnPd+1kvrxdEJcE4OwDiE//EcZy4UetP/Q0RnTREr5TQMLFgCZuJazpl8DkYwHYZP37TAxL8Yb09SFKrMcuXuRrpTabUPFnru6H73BBYk2vmddUiii1H3CLdmfwxRKeYMHcELhYJLdouHCus9G4F3yqfO4edMebrlVXTlCiF4CMEluhv+IkUCpaKgzJYOBqn+/xcav6wmHZ1D2kEvCfOR/1Rxh1E3hmp"}
Reading: -0.1400 kg
-b4fe-50b2f1352202","devType":"HX711.basic","msgType":"notify","action":"attributesChange"},"body":{"HX711":-0.09125}}{"header":{"source":"uuidgen3f7d07d1-2e9a-4d0f-b4fe-50b2f1352202","devType":"HX711.basic","msgType":"notify","action":"attributesChange"},{"version":"0.5","targets":"[]","timestamp":[1594215934,717840],"payload":"IaIcud6AcUYi3X61bT5eM2h216ezZ80Pigf6cFxxZZXIGnlHLgE2td1I6MTqb8oYIwHhQT4zQcMjSpbUWMF08jgpixkeFA+ZlUMzpyDuYuJA29mcbmg4fPtkbzJiPxxRcI2pwcrfk++AyRPA/tdvKrB4NQYSDxMZJY0mG0Hkaga6gdZc7md5Phddqs1Trhs7QrTFJltMPBSKPxzfuGxdv5dbNUIIwF33vYcn1cmb4kZ6mjH6+Q=="}
Reading: -0.1388 kg
"body":{"HX711":-0.135417}}{"header":{"source":"uuidgen3f7d07d1-2e9a-4d0f-b4fe-50b2f1352202","devType":"HX711.basic","msgType":"{"version":"0.5","targets":"[]","timestamp":[1594215946,729072],"payload":"EPtg1xiXdVodffiE2sUyjLm7GT/1ssF4rdfpYPbrfPVC1N7qBY35Lbl8cMfwFuNNZx2hrWXN5LyZntlPIs+uov8Fjaqw0sYVmMBbIhnWblORBorpoUDvJ9zFHhBSdo416VZ250tw1IA7kR3MVzisJKM1gZptiruQ1NC5PKxqumVL/oqFwdgrJt2z55/iOXXtPYwmtJVhkDLS8obypeoExDN8MclSb4ppxM8AfyPnbEmniGc="}
Reading: -0.1737 kg
notify","action":"attributesChange"},"body":{"HX711":-0.1725}}{"header":{"source":"uuidgen3f7d07d1-2e9a-4d0f-b4fe-50b2f1352202",{"version":"0.5","targets":"[]","timestamp":[1594215956,739292],"payload":"IIcEvdFgRf5gwTtH4IojlBb6E8l4uH1gQ4NYaf6c1P1SH3h1ZQ3HpRY6h7xMBIkXjBlJ3ysabg3VcKcWkbs1sbt5pSrH+jc2g/ubzAD7O/kgJkbaKs+X3oe8IJNVppWx7bywnq+FDFhom7tpJAzpQ6S2nzv2f+uWzgj2fBIQm1i8sRpFHD1yKJ8GDj3OEwjqVh+aLDMx8oyP0ymdWZPQb5cmg34+LN59gBD63Jw2OchYuFqCOQ=="}
Reading: -0.1529 kg
"devType":"HX711.basic","msgType":"notify","action":"attributesChange"},"body":{"HX711":-0.156667}}{"header":{"source":"uuidgen3f7d07d1-2e9a-4d0f-b4fe-50b2f1352202","devType":"HX711.basic","msgType":"notify","action":"attributesChange"},"body":{"HX711":-0.{"version":"0.5","targets":"[]","timestamp":[1594215967,750432],"payload":"8CyVfrMnv0aIZHWqWO1GkgyVGdZmIvEpJMcwSfWAsIwZl9JjWbSkmY9KLR49wYaAmS6QtMF0jAAAo0FTx7r2slcraFgUbSOtTCjgjSRdqhWk43W2Q0GKhtUvFXlefec6L3Y0/Q5C6c/0rJBcDj7TRFA9y6elSEiOkdKKbTsuSOoNT4Tky1DPl+CUwMn1Edx42m3js4apj2LbSicAQKi4wmHPxd7+ZtXPAA/betj7A8pt"}
Reading: -0.1629 kg
17}}{"header":{"source":"uuidgen3f7d07d1-2e9a-4d0f-b4fe-50b2f1352202","devType":"HX711.basic","msgType":"notify","action":"attri{"version":"0.5","targets":"[]","timestamp":[1594215978,761665],"payload":"g8kpEoKhp2EfwS3xOAy77H5IusgSPTyjAc+Xv3KOB7xXcgC4XxpU/QhQPDN/fz02mFtSyVnDhEX8ZKS+S2tVt9vp+ghRsQBwIcZGpM5HFpSUk/JSYSKxmG8DdjuOVnIVLHKvR1XlM5s2rl73f97w28PDT9NI6Qu3A3+fRJfh3b1BnI28itAleiMH2bYixCIcu6e96/S+OOrLkBIuIFOtPBH8mtnOJmPn7as/FSSZrdfVkzBfTQ=="}
Reading: -0.1679 kg
butesChange"},"body":{"HX711":-0.145833}}{"header":{"source":"uuidgen3f7d07d1-2e9a-4d0f-b4fe-50b2f1352202","devType":"HX711.basi{"version":"0.5","targets":"[]","timestamp":[1594215989,772806],"payload":"h391S1SdnWwuFLUjah6LKux3zCiGY8/t2SoTLFNDVwI+zqZSjefDzb+Y9H4sXpMn7ffrqoKDiRdoTRyn/PZA4zSiSQbf/cL3XS5Q7PqAcQt64qjitgMkwiOxBsP613U8LtePyfc6ckJALkQemdTUXU79r/PuMAPyh150g9aoB/VAIrBIXGQuns2GLorYTwhyTrn4CBeuLrOKV6iEhihH/QgXZ50/+fZpQGyX6lA+NQEOyDHOOA=="}
Reading: -0.1338 kg
c","msgType":"notify","action":"attributesChange"},"body":{"HX711":-0.212083}}{"header":{"source":"uuidgen3f7d07d1-2e9a-4d0f-b4f{"version":"0.5","targets":"[]","timestamp":[1594216000,783946],"payload":"jZqqmFLRE2oGPAwsbQpvqXDvLN1bz7s+cFM7Inr4pLPnbksr7joydXk5DjJG1EWW2OlYN7Uv9UpeUgzVRaRhZzeMpY1krJE4c3NxChjCnxmMrFht2Ef3gOmpbQiw8PJgkcUFk+00f6Q/snquOM9+qzMMOe3iR48RE81koG13TvRk7+TzdLtHmub7kup0bGIqgwL7opk0uRGGrRHT10voSNrgMBqyrnV0UDCIOGXfs7sh5GfZJw=="}
Reading: -0.1617 kg
e-50b2f1352202","devType":"HX711.basic","msgType":"notify","action":"attributesChange"},"body":{"HX711":-0.167083}}{"header":{"source":"uuidgen3f7d07d1-2e9a-4d0f-b4fe-50b2f1352202","devType":"HX711.basic","msgType":"notify","action":"attributesChange"},"bo{"version":"0.5","targets":"[]","timestamp":[1594216011,794166],"payload":"HBS3BldJRgNk3WKeTfPv9ukmdXr/sb8/EkZLjhKtMG9OHZfwZ/Ip9MdXytvQjBJcMp2p/v1gD4r2EhHrz/Ku7NcAPZRNqOxV/fMU2XFdkEn6yT8egd9m5PHZbZ6+Kyoe5hPf05kXA4MemIxQuNWs8JQf/iEIlStsp03BYV7gl6WCASY36vSxtvKoe9VrZ+hqxnCqPBEA4s8oDKyf3uGI32MI/D5b8JPpKsB8QJtd9UuAt4c="}
Reading: -0.1075 kg
dy":{"HX711":-0.1725}}{"header":{"source":"uuidgen3f7d07d1-2e9a-4d0f-b4fe-50b2f1352202","devType":"HX711.basic","msgType":"notif{"version":"0.5","targets":"[]","timestamp":[1594216022,805399],"payload":"3hcRugYJRYruwb8s1W74Hkdo7UiWF0d/5iAefP2HmoqUbCcotrIp4FOgG1bJe757pxyWZWjoOMjGjMlgLv2BTjxwt1JBDSN4kgg9Pd1CyklryVcS6AGqfkW2fYdiRkN8SIcyxyHN8ALB9JbcQll/uUkRjibaxHRcbyE9YHqN357HtgqVJTAEJ3VvFg9cBAow4/5cPDtdh6PnHP1s+wajVotw6m2jAnVpnj0pvV/aoyfdvMs4Bg=="}
Reading: -0.1592 kg
y","action":"attributesChange"},"body":{"HX711":-0.150833}}{"header":{"source":"uuidgen3f7d07d1-2e9a-4d0f-b4fe-50b2f1352202","de{"version":"0.5","targets":"[]","timestamp":[1594216033,816539],"payload":"JDjihFO7Eypr6sgZbaVE7ga1Gljh0ejkXNmxRRU97hYTD8blqw3cNfTDnSw2R3DXzoVcUcTMSRVmsGAOYGe/jGrsCzg1VmZu5u+OM+oW+v92pIOCLQbAaolB06el+yTlrqYrJZcHwayDSKL0GJnNF66pLdHCMoHLmNdfXDi6g+m4b76nDE3WZIwTBaS3MZfH3ONRJN7gSloDmUX+HNRBXicd4gUOM1YVbPwCLPaga5qYA+qTmA=="}
Reading: -0.1254 kg
vType":"HX711.basic","msgType":"notify","action":"attributesChange"},"body":{"HX711":-0.145833}}{"header":{"source":"uuidgen3f7d07d1-2e9a-4d0f-b4fe-50b2f1352202","devType":"HX711.basic","msgType":"notify","action":"attributesChange"},"body":{"HX711":-0.092{"version":"0.5","targets":"[]","timestamp":[1594216044,827680],"payload":"o7g3HW97gb05+mu/gRSj/3mZebgGjHBA1cMTPGLNV0DduE7vt3BmsAO4A6YzSDTk/B+IVqyteW1zh7/o7VEFVOrKa/yPoLg6zLHp6+qqVyJwKkWBJ/bMqYju/C42HwmLlL9Nf4EDp9wRFRt0YSzc3BnDgjGuMKTWK47NtpOYrNOqz/A+HU7+SwTfCgIUTGHhe4cBark2JFjUxI+3ioIE9wsr3l6oAcEpOBV+TGZUNiFt1KM="}
Reading: -0.1458 kg
5}}{"header":{"source":"uuidgen3f7d07d1-2e9a-4d0f-b4fe-50b2f1352202","devType":"HX711.basic","msgType":"notify","action":"attrib{"version":"0.5","targets":"[]","timestamp":[1594216055,838913],"payload":"qL0Mrpn5F+FJYX7ls2v07l6lpRKrZ0PQRuHRZpPd6x8L8yuU8QTNVELaezNo6vIPkXuuPhq2sEZtVvx6pfFR9CZDmKfAgB7VVa1xt90ZnxktPYngIPsUP2+ECDMgh2z3pSk/m+kwuJoMD5eoj0kRC31or1uW6LUW8cXbzJ6AUD1oV5YSj9l869Nbi+t5xwHHOajC1lLvqqZaA8hZc1H7lcQa9UpYbBdEAikpZFYJONZ+KGABnw=="}
Reading: -0.1187 kg
utesChange"},"body":{"HX711":-0.132083}}{"header":{"source":"uuidgen3f7d07d1-2e9a-4d0f-b4fe-50b2f1352202","devType":"HX711.basic{"version":"0.5","targets":"[]","timestamp":[1594216066,849132],"payload":"dR+qDxMOlLibYlJda2LePzNdKzmoj9zjNhGIj8Y6O0DiWbcJJICwAFwgndI2Q+NsWvLEq438NC9Kdw61W5XDR67HMhApPbiR/EwHyRlifETBSl6rROlwvOe4YDeklji9wNoNGBatW9s8Dxfx9LQaCeFVuFiMf8fs5w2DHCYYoOI4bedoPTLxmibK8PbW3SAKffCpTn9fZw1Wj2CZkscta27C13xkdbaX84E3FEBekCsmw+qA2A=="}
Reading: -0.0662 kg
","msgType":"notify","action":"attributesChange"},"body":{"HX711":-0.117917}}{"header":{"source":"uuidgen3f7d07d1-2e9a-4d0f-b4fe{"version":"0.5","targets":"[]","timestamp":[1594216077,860272],"payload":"wT3zIwatCusgpTyM6WhtPXwGL+BNtdXfW0TfLurcy+UQnBbkcrAXUdgAL1tyv15ihL2bHpECKTAoRLo5vnXTi5ZhMjfp8iGLt1sRp5SpJT7jYpwGVLI47o0Mql7SYpJWVc2WmdOIJ07BeMHgoRsn51RxXNqWOg0HZ/l0xW1n32UyyVDZVHGWPHTSNQOm5Ep1QkrfbQcROgJkpuL8ApvpWdaAnpBzNQ/FxWta/WZp0o46vNGd"}
Reading: -0.0896 kg
-50b2f1352202","devType":"HX711.basic","msgType":"notify","action":"attributesChange"},"body":{"HX711":-0.06875}}{"header":{"source":"uuidgen3f7d07d1-2e9a-4d0f-b4fe-50b2f1352202","devType":"HX711.basic","msgType":"notify","action":"attributesChange"},"body{"version":"0.5","targets":"[]","timestamp":[1594216088,871411],"payload":"Gl5bas7evQWPHVMeOUVCEKU8kcoDgX2AeXhmnXw2FrJD+mMwQe+0s1RVrfDj3CDEYZ1mUzvCjHRQsmBdrSqAk320DoI8cRIho30/Ar9KunYp0EXwcwvy4XgwwHvlDHFMRHZuzRz+B4Q18el+K5eO8PMD4nRFwG0TxjtHvRKmXPVLqHmdqFydtoSXD+FfVJ7tTR9LSCRqslCSrbhEwdcTH0brPHBEelwfE30MchpPGi7ycj2X2g=="}
Reading: -0.0954 kg
":{"HX711":-0.104167}}{"header":{"source":"uuidgen3f7d07d1-2e9a-4d0f-b4fe-50b2f1352202","devType":"HX711.basic","msgType":"notif{"version":"0.5","targets":"[]","timestamp":[1594216099,882643],"payload":"/5lwdFeTQNJlu4qL5IgKhpTjsCmM4AKkZ+knwv6oWPnaoqzy5D0OuDAWzbs1B3JRGL3qM4+pMJwhPc2ksx+LTAgCOBgIaTJgcl96IUIcqS8s9sgLwrrWdpR1uZLmEObLugZt3Fmtc+drT37IKdXZX2jQevuu1+HSaDIlTVQoPbWpZCuWnmbki6QVF+gtdOy35gMNzSHcRCREyhkR91uBBCKAGp8NH41w2oOQD626synD9rc6pw=="}
Reading: -0.1088 kg
y","action":"attributesChange"},"body":{"HX711":-0.102917}}{"header":{"source":"uuidgen3f7d07d1-2e9a-4d0f-b4fe-50b2f1352202","de{"version":"0.5","targets":"[]","timestamp":[1594216110,893783],"payload":"UCu5guZXH2NE9s1KPnZg1hMA30gZlx9mQM+v+xEQ5cze5KeNQkNVcUcYZxYtLCqbn1fNeaelJkAzObMTEaYPrZRLe87Z0Ib/tIsIln0qfI2rIauihLbthjRcJRgNUUee+QzFnwWVlsxnFHghwDywOGZZVCIRtqwDRaGJaySMVWQoWFugrI8I/HZdZxa+Nn6anZQXmIoNLArbMvJfQnv/iZSbMK858nUlBukMoWGyMMaATq/8"}
Reading: -0.1021 kg
vType":"HX711.basic","msgType":"notify","action":"attributesChange"},"body":{"HX711":-0.12125}}{"header":{"source":"uuidgen3f7d07d1-2e9a-4d0f-b4fe-50b2f1352202","devType":"HX711.basic","msgType":"notify","action":"attributesChange"},"body":{"HX711":-0.1241{"version":"0.5","targets":"[]","timestamp":[1594216121,904002],"payload":"pSqmgjozEjDu/2M6VzOBIXrHXsTRw6qp04q1KOfACqFD3LYUR6zYWLjpuwXAs090bAR6aEAMqS/ljS0HFxjj+qx0n57Lb+JX63Kk5a2aWekzU00k0CmuNxdRUIHmzHMAJz5FW0fuPVv/msSj7rueg0v8zuHyx5O6izMmVKPVYBXQ/LVZzHQS2wZ51vVz3Wy7HSa751DN4asT9WZkUgUFUSGeSjS6jGRokwlHgfd4fJ4aTw+kVw=="}
67}}{"header":{"source":"uuidgen3f7d07d1-2e9a-4d0f-b4fe-50b2f1352202","devType":"HX711.basic","msgType":"notify","action":"alive{"version":"0.5","targets":"[]","timestamp":[1594216122,905145],"payload":"DPgD9chQKQ0LoQlD/eksjVt0gEL8Bdj+yuKUNfUIh8YhJx1T2P9jttzogw+90aapIwamz2ObIk02aV3YITn3v87Kd4sL2Z56pnFeIpdGs5VdR0th2Oo0c9rWX01WCRR5TqOWW3Jpo7ye3RrSBdqFc94XzE2+zxMa3AdViZw0OsII57C4dtCpkX9mDv+QfMV8AhGrWTXLmd535NJOZytx36wZqJQ2fA=="}
"},"body":{"timeout":600}}{"header":{"source":"uuidgen3f7d07d1-2e9a-4d0f-b4fe-50b2f1352202","devType":"HX711.basic","msgType":"r{"version":"0.5","targets":"[]","timestamp":[1594216122,905174],"payload":"agRqSwcav2djv3FzsXD3q6S6g0EamHHp7isW0/XM7mhVKr+qakGbZwQcS4G3py2HpH1bMGWNJP7JavojyKEqKzSJU1kCQE9garX7GyyTNrKs3YFprtJK+PS4EoaXLsdIp7ZefzMzzLVJG/ve0W5xtUZ6BIXy8tZtmu6BA87tm/z6qkDHwcuy/q6ZQ6Vy9lSjS581zz+s0M3vud5wzHcnkmZN1kKNYeRPgOcFTqdrl0oEzkpyFFAVwD2VXK3NnbMFfN4xZ83UPG39w9nw04i/e26LCxMlq3fgfVGMQP1Sd30oeQ=="}
Reading: -0.0375 kg
eply","action":"getDescription"},"body":{"vendorId":"Arduino","productId":"esp32dev","info":"ESP-WROOM-32"}}{"header":{"source":"uuidgen3f7d07d1-2e9a-4d0f-b4fe-50b2f1352202","devType":"HX711.basic","msgType":"notify","action":"attributesChange"},"body":{"H{"version":"0.5","targets":"[]","timestamp":[1594216132,915234],"payload":"8flKsFOC7eceMKQ7UNevQvNfitRgc60oi4X+mzvDesEL6xYjfgkePdnLEJ/4Bmgmuqb8ZyHGACgSQToHz0JXXQGA4FVcqbH5svgzqGuAFK4o+mpe4QAxhwJNXJsuSMLYfJmelKAw/uzjZgVRAIt3zhXJkg6zG/gTNjXVv5C6VhgVSNjSoPhBxnA4rLwWbuDveL+r1RPgBgnazOa3Rg0rUmsTRLdcKhK1lX2zzo0EmyxbykBuuQ=="}
Reading: -0.1021 kg
X711":-0.082917}}{"header":{"source":"uuidgen3f7d07d1-2e9a-4d0f-b4fe-50b2f1352202","devType":"HX711.basic","msgType":"notify","a{"version":"0.5","targets":"[]","timestamp":[1594216143,926466],"payload":"67XdV395b7BhGOCCAg+74KT9rdXB/PhmK5ILbp8BiBftuX2yo4N16QVHdLilk061G9OMXJEvsSAwdLljm9VnXbKjV+tOmkmkZcuYZNAPQo4XP/1BcHWbEpL87etKaW0BSleOf6tC3kl/c+6jxT5PgclQ9nJswiRYwWksjnqmTw7W+8RMXkB/qHo26Ta3VYIPRnvL8ewIXNyZMNcK66q89iwRkWXadJHc1e9/gf4HkgULkw=="}
Reading: -0.0917 kg
ction":"attributesChange"},"body":{"HX711":-0.095}}{"header":{"source":"uuidgen3f7d07d1-2e9a-4d0f-b4fe-50b2f1352202","devType":"{"version":"0.5","targets":"[]","timestamp":[1594216154,937605],"payload":"IOjSMzO9M90DbIyiEoWgpz55kMt00L3RTsKYTy1wQcj82t2Wn1TULPs7J9CuMmVf+40Cu7cyLrPBxNW2Yl7OP0de8vmUJcaVZhLwd0cG9oJwZa+Rtw19l7d/fwkHik5/iDXrRB2TWDADe6WogA0iZqw3/nD5f6p1fFCWhTA7sGL8CCc0thsqKv6DOBXWouBr/3MBVm9Txv6XDcv57Kvpd2WFuewGdcXqKXlH4RVZS5luoMv+Ag=="}
Reading: -0.1229 kg
HX711.basic","msgType":"notify","action":"attributesChange"},"body":{"HX711":-0.054167}}{"header":{"source":"uuidgen3f7d07d1-2e9{"version":"0.5","targets":"[]","timestamp":[1594216165,948745],"payload":"0N7U+wzGPOMTRIBFZg7VD5CXJ0xR1zV0xUgN4nyxgkIKrzTtrZAlqnU9nO+8RMhG7HsSNqlaTn7WwISnLlX3O/9DESklWHj0tGJeLdWdwto2EbtP701DXhXrkabTf2FhRWBnpfQeYVb31iOGi0YUWYycOFfu8XirgDuuh8I50Ig3YNXRymAIvbZdpS1I2QoCDDTfnj8IOrYpxc5z08YBUZm+xF7xSMGh4hv0laFpf1oZjeB9nw=="}
Reading: -0.0887 kg
a-4d0f-b4fe-50b2f1352202","devType":"HX711.basic","msgType":"notify","action":"attributesChange"},"body":{"HX711":-0.142917}}{"header":{"source":"uuidgen3f7d07d1-2e9a-4d0f-b4fe-50b2f1352202","devType":"HX711.basic","msgType":"notify","action":"attributesCh{"version":"0.5","targets":"[]","timestamp":[1594216176,959886],"payload":"M0vnuyejcLooC6E9Qyt06m+jduwmSYy0uSy53d21CT1mzgHQ+MfL/XibkIjueR3rBQMlk0nGHCVOqR2Wj/l4tVr0S7EXVeuq14E87Z/q4W1MKEYgomkGPu7z+j0aCPqjKvkGJtk3nwD5t3CzdAKdhD7AgnmCAZFW2vc0WQSV55ov2i7U4aNEEaa3qtHqL+PGileKc12TsaY6nNT/UxK8a72tIXbLnzOXA+sgUV9uAwFqzAGJpQ=="}
Reading: -0.0867 kg
ange"},"body":{"HX711":-0.127083}}{"header":{"source":"uuidgen3f7d07d1-2e9a-4d0f-b4fe-50b2f1352202","devType":"HX711.basic","msg{"version":"0.5","targets":"[]","timestamp":[1594216187,970106],"payload":"pHJJ4JejgeWKd6tk+ytYhJIsp/Hy0YKF4mnINpJ0/MxsvoNRBJMbzRpLtmqCMv4VSGoPlXaC2co/KhUSeC9NM8zwkyGpJ3gsm+jC1sN3dJ51OGC7sao/8P/kxTf9plrd7WEG+Pm2+mc09FcN/rliNzY0edY1E6eRz5U8+Thq7+Euhh5anuBiXJb/CP136Tryhh8nOHvFm9fOX4+g8sGHeKmhpG8/Vv5/hQOQ+elmvSyoWypx"}
Reading: -0.1492 kg
Type":"notify","action":"attributesChange"},"body":{"HX711":-0.08625}}{"header":{"source":"uuidgen3f7d07d1-2e9a-4d0f-b4fe-50b2f1{"version":"0.5","targets":"[]","timestamp":[1594216198,981246],"payload":"PBWnJ/sNYum7+MuTkBO041g+J9+WQAYDiAN+KDsO+XAejICyw42UFwRIGZt0pJcgx0KkVxt8IplazkTaXiIMh9zDHhK8tv8nyZdEm6li5Yr6xy+SllZQr0ZhcpUSUNuY0zOlGgPYywNAu1rEi0Coe8E1nMlVX6eZA3EnlgBLTJuKtoURwlrPt5ZE8pforsXnvb0YHfWlhsBokpkojhQav1cG4qy3qVspPd0wgtExZ9HzWU60"}
Reading: -0.1950 kg
352202","devType":"HX711.basic","msgType":"notify","action":"attributesChange"},"body":{"HX711":-0.15125}}{"header":{"source":"uuidgen3f7d07d1-2e9a-4d0f-b4fe-50b2f1352202","devType":"HX711.basic","msgType":"notify","action":"attributesChange"},"body":{"HX7{"version":"0.5","targets":"[]","timestamp":[1594216209,992384],"payload":"TM2N9ly0USxvGb6Umn2LI7w0BZiJp3ndmKE4e2u41rBAFJbw+QUjrgxZ+oQ+2994cJnEVMBYBzFY/cppKa2wkwR2ES2n0l2W8Pnr3qnIPAHceX9oD0l4K6Bb4oCIAzjExn2XcyhAOzMStRaXf9c+pRmy2F5HpukY1gZlPKtxDs4Qo0oATLXwnN/NaAXQPqT1RPOV+1SZ5muQHZw8twWk335w3SKnoClC3byjduDQDumOzjW+dw=="}
Reading: -0.1425 kg
11":-0.135417}}{"header":{"source":"uuidgen3f7d07d1-2e9a-4d0f-b4fe-50b2f1352202","devType":"HX711.basic","msgType":"notify","act{"version":"0.5","targets":"[]","timestamp":[1594216220,1003615],"payload":"KeMS6AJimAi+2bDKUAvx8xkYD6nkdEnZnV0TcYyvE5EaLLaeharouj39K6gCgp/zOAysHRsh1F4XdUXGpuUDw25rAlNAI2p48qDkh5cLTycYjz0Y97TPPbFEmj8bi8p5bryYj3EnKd9jPPSI3CPkIskgsh4shaJPhqUlhjU5nh1abdUGrHQ/aZ3KTWJj5TeNv4ReDRS2Dt3ly+iY6/ysjyRMY5z9B71PNdPac4LdjHcREflhXw=="}
Reading: -0.1238 kg
ion":"attributesChange"},"body":{"HX711":-0.143333}}{"header":{"source":"uuidgen3f7d07d1-2e9a-4d0f-b4fe-50b2f1352202","devType":{"version":"0.5","targets":"[]","timestamp":[1594216231,1014752],"payload":"w2ItNlpvD0N6rSS3pOCAAmtaJgKEfk83b34G692MC0bxTx5doU3c7j4rOoMz3pMz9pnxKxcgpv8j4Q5vAXZ10Z/n2Ncs1H/ma63EaTQUNv++rnCLp7URdXbJLKjFI3zPCGkRvGo1GZfM5asspV5UMXFx++nRq79+5rUl9/F3uuVeFbXr79oRxMai53ONwYwtKyXDR80aOUXlcbWDkMF7qugyd/NdJRVhoF2wiRSgR1fiaydX+w=="}
Reading: -0.0817 kg
"HX711.basic","msgType":"notify","action":"attributesChange"},"body":{"HX711":-0.127917}}{"header":{"source":"uuidgen3f7d07d1-2e{"version":"0.5","targets":"[]","timestamp":[1594216242,1025890],"payload":"H9QplHWBnCA22PZEK3rcivfd3eIVwbE2EHChA+rGaPhIXN2Tl7Ae1ma8ikJlH18N2AhGyXecAM8oMPggzbYn39Y5lqEgl86xSU7980sPiMp8DeP4zw9PRUiOwRkb2fvEvJROJNlQFbnkoymBW7Q7SzeBhp/qvjg4RmllQ7tjQYwfWG5X8eL9pL9nHGdZ9AKvmMivVSGiJEd7KenssntlrX8Ip7d+6vB1ApLrswk5IK6X"}
Reading: -0.1475 kg
9a-4d0f-b4fe-50b2f1352202","devType":"HX711.basic","msgType":"notify","action":"attributesChange"},"body":{"HX711":-0.08}}{"header":{"source":"uuidgen3f7d07d1-2e9a-4d0f-b4fe-50b2f1352202","devType":"HX711.basic","msgType":"notify","action":"attributesChang{"version":"0.5","targets":"[]","timestamp":[1594216253,1036109],"payload":"078FzKlkR15kmz1TnfD3QnXEqsmQZCkd0QDl7eZ7sEBW4vHam2D+gXAlKWI2YrNaEG739tfs1V8o8xkSNTpC0fcFEv2lm0fVEsC9bmC5GakWATDlckbBi/XTEfEasMFTE0ccFJECM1t5eKUa4WkhgyoWCMlxoiN2uP/0+ICxce9dkKwLcYBUnIXSZnCiI2oMiaLyHC8VdfP/Ou1+TOhrZQ+sndF6XiS+XBd636XMOd3/H6qr"}
Reading: -0.0962 kg
e"},"body":{"HX711":-0.14375}}{"header":{"source":"uuidgen3f7d07d1-2e9a-4d0f-b4fe-50b2f1352202","devType":"HX711.basic","msgType{"version":"0.5","targets":"[]","timestamp":[1594216264,1047341],"payload":"xKEOsdi19fZsDuvxrcB2LxQJxtME17fe2keyd6BAovXA/C9urhI3Ox0l6pn9d/ZYjVixL4sLn2a5QWhnt0994nmLfKc1u5lkjYuITEf2qMkOoxT8sCaIMY9orAB+aTWGS00sIrHAfSYzmsCfwCcN5heef3IqwJgkyQdYpgsf5vBnazCHdf1cMf5pEA1DRkhqRqZE1dNyl8yKg5eLHUtnVahmeGkh1mDaL8TFNulIvcT7ED0Yyw=="}
Reading: -0.1192 kg
":"notify","action":"attributesChange"},"body":{"HX711":-0.122083}}{"header":{"source":"uuidgen3f7d07d1-2e9a-4d0f-b4fe-50b2f1352{"version":"0.5","targets":"[]","timestamp":[1594216275,1058481],"payload":"EtpFryu49lqDi1vVsV4MvDm5hok+QSFz3HQTHEbxHvmtfH+hzBB1SHpLtQP3Z6o2DCrIKlNQGhupAZKi4vMlDorP9OHUXXGMkrV3T0BxpqYB3jFnyG7zBhwvkbQRFt6mDbGu3MdoyiO4Hs1+tQXFEIkULeynSrxiBBqMWTiXYoUq1O2FJDV4K6Lngh+dnPjU0jTs5CFQE2DlQDI9xVtnYGhocwWvXwyhrfNw8cVVceSF7fQrRQ=="}
Reading: -0.1017 kg
202","devType":"HX711.basic","msgType":"notify","action":"attributesChange"},"body":{"HX711":-0.149167}}{"header":{"source":"uuidgen3f7d07d1-2e9a-4d0f-b4fe-50b2f1352202","devType":"HX711.basic","msgType":"notify","action":"attributesChange"},"body":{"HX711{"version":"0.5","targets":"[]","timestamp":[1594216286,1069621],"payload":"g3rPzzi7LHb/9wi3YQU47Vn/GCKuSiBtWusHs2Ni0zJebRvUGyrQcs2fbEMXY31Em5KJiBfvnnTEose4mUzvtfrIYt5LnZwrEaEWTgHsE8vm2lfFqIFKFhfOnoGydJuVer5VMP62jCfpX2rvmujR6ZAuPS4or87hoIfLg+mrJmA8doZOlUNnnvp8xhNwuFvbffQxyNFzB6+J08bW3hubEjfMgPZMzSRfmMJds9+Svjz2na4h"}
Reading: -0.1129 kg
":-0.14625}}{"header":{"source":"uuidgen3f7d07d1-2e9a-4d0f-b4fe-50b2f1352202","devType":"HX711.basic","msgType":"notify","action{"version":"0.5","targets":"[]","timestamp":[1594216297,1080852],"payload":"sAg3ciuGBXiiQNZEpXR72gFnd8n6uesYGH1iV1Yho5R558P/kKFmY5aPXK/hQX3VOjh3OdxhpsZrOqvgGCjRyMxGpU8P7F+1VTJYOK9NB8iLgZFUnDxfVZXr+kw4gRT5CNW8URZA3mFOX3OO+tklnCr3SnbAjPPsxFoc9qtLiwEqLeBmTV/HmdVsqc3yFNZAT2mf6seqKQPx5NnN7BX3Rg1fFmP5aaXWdKzha0iRKs3QUnmPaw=="}
Reading: -0.0979 kg
":"attributesChange"},"body":{"HX711":-0.110417}}{"header":{"source":"uuidgen3f7d07d1-2e9a-4d0f-b4fe-50b2f1352202","devType":"HX{"version":"0.5","targets":"[]","timestamp":[1594216308,1091070],"payload":"jz84FcqK5DnDev9XKe4pxxPNmJCthhQRgkc9SOExxI1Ao+FldKu0ZW/GU7LF8cSuWWSIbgDTKH9reIfTUKAzDP+7v//Yn4p9K4EZ3++QeREX8nwNNqe5eLRdm60wiTR+jXJicNdZcGW9rHsXisKVI4RFWaC4ZUiwFr+cl/yL5DiEyG4ZMntGh0VG7GnVfLZ93Elz28JHd1MYguxDH9KvKk7AOe8zvj/ZUW2e8tT7DiTB6wxHYw=="}
Reading: -0.1079 kg
711.basic","msgType":"notify","action":"attributesChange"},"body":{"HX711":-0.094583}}{"header":{"source":"uuidgen3f7d07d1-2e9a-{"version":"0.5","targets":"[]","timestamp":[1594216319,1102208],"payload":"IoGdF+2kPj0x/YvCl4Yw7iHYg5TAeQI1LNJu5u9ULXS0L+dztU/nt4RrV+5FTPAPJdvkLkQ5VWowKf+mOxsdE7Opw1kMHwnMexF8tYspW9SR8MR3HPprC26WMKaCqHCeDGjoPdG0RWvabAhUkbmleIGIeN65xBwVPPoLvGWUGkyZhRwGNZlkzCSHVMLXfM4y5dkyTnKfvkqSO14dwb4rWekrMmbA0bPR/pm8ZX16W3ndQizc4g=="}
Reading: -0.1075 kg
4d0f-b4fe-50b2f1352202","devType":"HX711.basic","msgType":"notify","action":"attributesChange"},"body":{"HX711":-0.067917}}{"header":{"source":"uuidgen3f7d07d1-2e9a-4d0f-b4fe-50b2f1352202","devType":"HX711.basic","msgType":"notify","action":"attributesChan{"version":"0.5","targets":"[]","timestamp":[1594216330,1113347],"payload":"qfFPuif8ZdOugQq3nHCmaFANL/rTkMY6tuhPJipNJzx9ZWDDiLVq4UGU/0xcuSdBlDxiqE0MGdtVbZmAvoKi/PA55mfYcp2ZNJpuLSzIK8OfX+GOIWQkxfyInh14UPXvHZQciZK2lss0IB+FERpdFTr8KoSCJnBCPOdXqvTP4t5FVke6RGJq0gJPDfOxlSLFfE3vgkiIpIIln3fUSq66W6MNNR79Rb91sfqE4N6LFq9xoEO/XQ=="}
Reading: -0.0992 kg
ge"},"body":{"HX711":-0.105833}}{"header":{"source":"uuidgen3f7d07d1-2e9a-4d0f-b4fe-50b2f1352202","devType":"HX711.basic","msgTy{"version":"0.5","targets":"[]","timestamp":[1594216341,1124580],"payload":"oyx+rzcrSGTWLyR5D7gyn3JLQVvQvC0tpsUslkh0Gzazyx3bbMs3Osv3rRzlq6nNMK/Q/afiKUWDB5KE+hup40pBSnEoVdWDMsVmwerOXrLZv8b5lyI4IHNsajoyaYTwpCyEnJiWP4wiaruqij1Ucj4zGHBTvxSGXp0BvKrYrwr8q2+wViYEifREMozaCUZCM6RzzmWRpy50BDACt876mDlm3FehOmR1tIRYlP0ieuTh5fP0pQ=="}
Reading: -0.1079 kg
pe":"notify","action":"attributesChange"},"body":{"HX711":-0.068333}}{"header":{"source":"uuidgen3f7d07d1-2e9a-4d0f-b4fe-50b2f13{"version":"0.5","targets":"[]","timestamp":[1594216352,1135720],"payload":"Dd3PpwdOIXk7Wlx8n+BwjLhg3mKGaM5xkke1Mg7uAEhvcte4udZrMNxwpjXVjrYftnyvhmabNozdbdH7boNqPzzdSDnIVxcEvKzQ1dXZEuI3ZH5zGGkMOrHMSMNkEp8/Xkt4sPwNqPHT+O5ZklFe7dX7/Qv7b+SododKnm47v1Hp0V4TMsK7pnmv7SOqaAimvxjzd7Jc0HsBBFxJPh9ern9rJxji5RcZeqCy32fxNdtnlgoR"}
Reading: -0.0304 kg
52202","devType":"HX711.basic","msgType":"notify","action":"attributesChange"},"body":{"HX711":-0.07125}}{"header":{"source":"uuidgen3f7d07d1-2e9a-4d0f-b4fe-50b2f1352202","devType":"HX711.basic","msgType":"notify","action":"attributesChange"},"body":{"HX71{"version":"0.5","targets":"[]","timestamp":[1594216363,1146859],"payload":"kvHLaq3M1Ce28Bs6Q7jT2ozXWMvFlY1dTvgzBDG8/ajALU/ZDKttKb9yVJf3b7vFPb0BrrbKbQUSSHhM5OSjtWcjM0CcHrOdUuKHeuJdI1YMX5bxG+GV6pTk4OlPpGeLoXEBOD9pFVKldBdaIo5XZ1pK9ZNNhNmzgThb8NiSxkbh0ew3PmuWMEYuZ74fbwDjCX+Q07K33AMS6TLJZAJOAjIR+H84DdK/HQWS3aL6bLAc1Zc="}
Reading: -0.1475 kg
1":-0.0075}}{"header":{"source":"uuidgen3f7d07d1-2e9a-4d0f-b4fe-50b2f1352202","devType":"HX711.basic","msgType":"notify","action{"version":"0.5","targets":"[]","timestamp":[1594216374,1157078],"payload":"dw/psMjw1UmKi6yqSqhrvyt1eXTB5bW6taxRbtjNQUcDsESONvx3Rhmcg28fdKn43WF9ZFs525A53yjPN+vORYzyqevCXzUWtd3q76NpJxw8ij0hHd2fqZiS94kx54S+EkhXJ1ys48IzewwWKXiYAcbt+0CYkcdZ5Awid//848cxs8qKPw9TcCpwlku5NWkip0dzFvsrzzq8HFcKUc0qugby56CiBXX9l5IkaO6qFkNoIE5s"}
Reading: -0.1254 kg
":"attributesChange"},"body":{"HX711":-0.10625}}{"header":{"source":"uuidgen3f7d07d1-2e9a-4d0f-b4fe-50b2f1352202","devType":"HX7{"version":"0.5","targets":"[]","timestamp":[1594216385,1168219],"payload":"lVGyyb+ihvf0RyrTrXKHcMbdfdukHEqPA54xe6S8RYfBvU3DUx65B1deDfECYns+q+4NhfaJDeQN3aH36oeRgn89A81L8fF3JhDG2b3q6mJQBerHZRjNOkf8Sck0PiYtMTaMfKQpqSzO6halIn/NuWyaBHdSmdL6Dq/+fm4AS+jNdrWnSxYXHDLEUxC5PTbYdvrYH5sG0G71dMkLH3o2sdTYBoPDST9TIc6IBLB6aSWrD8XhfA=="}
Reading: -0.0525 kg
11.basic","msgType":"notify","action":"attributesChange"},"body":{"HX711":-0.123333}}{"header":{"source":"uuidgen3f7d07d1-2e9a-4{"version":"0.5","targets":"[]","timestamp":[1594216396,1179360],"payload":"nMnMynqanm8JO7GKLHAty6z3o1nfHTcnTblB1GuyJXdYbNjp0Qy2f1AR1pnO9swxVMfFTy4mQgTKyQnNn7RsdeSWislGEz/f8fw6iETYbSM5IgWZwYjWBPzqXi0LjUCchej6vhmJawjmZpSQcfwaEUrIhxsHjXCZMsSeV6oxH0pNGMOzPz59PnnP0i0u4z7vtOqGiqYeDr2ilX4A8AfajK97FDDf2D+6W8ixQEpiUmRVdNmygw=="}
Reading: -0.1279 kg
d0f-b4fe-50b2f1352202","devType":"HX711.basic","msgType":"notify","action":"attributesChange"},"body":{"HX711":-0.063333}}{"header":{"source":"uuidgen3f7d07d1-2e9a-4d0f-b4fe-50b2f1352202","devType":"HX711.basic","msgType":"notify","action":"attributesChang{"version":"0.5","targets":"[]","timestamp":[1594216407,1190500],"payload":"fOzNM3NY+f4GbTJT8GsOIPf2Ceeu7BrekQvfmLt23OdiC7WEhrpsw1jwo4PXnFFNPA9+XzrLKuAVfuHbhqwzXxWQMPdJGmmDYOzUl/KXdfdvZVP1YZc8hPYHEM1e8emY9I8LFu6VvND0GftBfBuamHJcZJ0DMvLw3iBsBHJFragICaDm5vxRS7MSi0FfFHL88/OtBg8KUGSkWmSIxDFGyfsCtg+EZJfhUfhXEr+8bfogRYQS"}
Reading: -0.1196 kg
e"},"body":{"HX711":-0.08375}}{"header":{"source":"uuidgen3f7d07d1-2e9a-4d0f-b4fe-50b2f1352202","devType":"HX711.basic","msgType{"version":"0.5","targets":"[]","timestamp":[1594216418,1201732],"payload":"on5gnVI4vhexz/dsylI606nZEeDoRRRtc48EvRvYA0FeIgzGMzIbKFb35S4I5OQJ60H4cwgd64ntPYFaicfd0rxfoojqiP0AFhfiXuonziHERHn6LSefxxuYaovELEv1rQJyJR6w4Z07tAAOyH/ZcOsuKtt7C+k5TpnkrmB1w8kZKmK4tAeMvcnHBa0aVKfgt3y/91+0l9etl91m/FIAIzuURS8NqqDthU7OaU1VZET82T6RUQ=="}
":"notify","action":"attributesChange"},"body":{"HX711":-0.173333}}{"header":{"source":"uuidgen3f7d07d1-2e9a-4d0f-b4fe-50b2f1352{"version":"0.5","targets":"[]","timestamp":[1594216423,1205928],"payload":"aZmovLlkMg295kv4XEH1RP7+3fRTq9fsHlwOqQV4fqbQaZT3k1oLqlJcKJNSgzUO3G+sr1pw/Ztvd4uapFaXr/ierMIQJwka1Tum/32KF/U8hqLrtPZywz4SYUxwXC9oGc6suPYlQia5gZuHcZ3si1YEvWgC2AkCb5aE9PsmqXStdMqba4J8a4Jk4kYUgYp3gDTQLjcy0yL+ErZhimZXxW6eYEjeAw=="}
202","devType":"HX711.basic","msgType":"notify","action":"alive"},"body":{"timeout":600}}{"header":{"source":"uuidgen3f7d07d1-2e9a-4d0f-b4fe-50b2f1352202","devType":"HX711.basic","msgType":"reply","action":"getDescription"},"body":{"vendorId":"Arduino","pr{"version":"0.5","targets":"[]","timestamp":[1594216423,1205957],"payload":"YXVRB8iYxc8ZjU2ejyRYFEeiOObTRFboltx44DPKn4w+lD0OwnFzJQZ5w04nk8ij0PK1gMtnwa+WNlof9NCUtMQgXkhtoVzdrPysSo5vciglspmCduXQgCYJRy1qzrpMES+yUlHvPkLcuPlMERfW6xTE+IQtYjIQR2S0BuH/4I8EHLczJfvT4s5N+KKYldg1x/5NIWN8EZuU1PctDwlwM4Id4i9+PSa898gZiLLOkseorweZtXCCGHpoNeIaYqmSwE2YLo74zNyTEqKgU6HrCpbwFPl3EgELHSiiyNSLUYD+2g=="}
Reading: -0.1254 kg
oductId":"esp32dev","info":"ESP-WROOM-32"}}{"header":{"source":"uuidgen3f7d07d1-2e9a-4d0f-b4fe-50b2f1352202","devType":"HX711.ba{"version":"0.5","targets":"[]","timestamp":[1594216429,1212043],"payload":"pNhb2Ez6imdimkbQzEHVwcC7zeu0bN3Ywq7JQa1S2mIP13RVo4kf1RCZUYCpJGSEudTVZD7/HBGXNpKBoDVHeOOieHqTiWoW7ip7JxttUMDPrK8FYFfcGTut8i/0M5m1wSrIy+1f4X4EoC6CsLpYvPZ6OZjD0HgzMGDp+zg0AV4hBg3zF0IZEXHpRAUZYMKGOa/+xAgYONELYf348f9zto84dY4yN/AGVtnx8on/73hOLzy5+Q=="}
Reading: -0.0479 kg
sic","msgType":"notify","action":"attributesChange"},"body":{"HX711":-0.072917}}{"header":{"source":"uuidgen3f7d07d1-2e9a-4d0f-b{"version":"0.5","targets":"[]","timestamp":[1594216440,1223183],"payload":"OJbsLbez+1hkGRxIJwsutwyW3ophqp2MHpOROs/Ik3hE4t73c08NXxPpEqyv0c2tcBm8uCLXxvwd3gSUGxjMoRURCdPD2/QeSRZk4d8GFK3YAVJfoEk30ZY3sBms0z54Tu5Hx59stDqZyR+KQVucD6bsgEkH968Ez1try8hImPqgUXvdwa9LmPrxYx2qMuXNyKJSfABDrBKbXUBaishCJc2NLio89GQhYyrYPNFiePlvFx0T0Q=="}
Reading: -0.0858 kg
4fe-50b2f1352202","devType":"HX711.basic","msgType":"notify","action":"attributesChange"},"body":{"HX711":-0.080417}}{"header":{"source":"uuidgen3f7d07d1-2e9a-4d0f-b4fe-50b2f1352202","devType":"HX711.basic","msgType":"notify","action":"attributesChange"},"{"version":"0.5","targets":"[]","timestamp":[1594216451,1234323],"payload":"VogUhT8J0hcE7y+fFmcggMyCWjJLtKgNYHsFI1oI2bitSo27MyTQU2GZ3KrtPaWB1g9CretMo+YXl3xwyYj/JibDyONmlZCCRPyILX8WumzPcW87PIJ1HRDewz9gOvSumMf/I6iPKUYuxUQU0RtNo5Lo+ifwKCsfw4mRTcgLqv0971NQx2LBv64l53S/tNr80jtL+5S4z7TlTfY8wApDQ4xA5bIfug0laN6H8mM0XVLuImpprg=="}
Reading: -0.0608 kg
body":{"HX711":-0.103333}}{"header":{"source":"uuidgen3f7d07d1-2e9a-4d0f-b4fe-50b2f1352202","devType":"HX711.basic","msgType":"n{"version":"0.5","targets":"[]","timestamp":[1594216462,1245555],"payload":"WsKrn8Ve4cVsrWRXwHXCFQm4prXGDiKm2CVgNAai9MUgyTgvLFpnUSzM1PSA4Ixd9psQKVUmznA4ZYVTuIJBiycmIkEeYB1e3g5O9HK+6IMihnVTHD/7zpzuUj68Iq12Mnys73wRnylyDK0ALSl78viHIXayjSyrAaNEjGcLifU0jKcaqftb47IdC+nTulqo5rg+3j1yiETpynO0wwVnL50riB9SsGXY1iAXdL8iTIBwMcnuZw=="}
Reading: -0.0533 kg
otify","action":"attributesChange"},"body":{"HX711":-0.051667}}{"header":{"source":"uuidgen3f7d07d1-2e9a-4d0f-b4fe-50b2f1352202"{"version":"0.5","targets":"[]","timestamp":[1594216473,1256695],"payload":"5bDORD8KOwLAGw3ZAwZQVaPXcq/Z4A0R4zakPe8nbQhsRXB/bOpFMQrTxt8o4xqtUj/8reN7zfmxOqUktQzlA5zCZ4Zjh9CcpDYShCeXTyiHuVDYws/XYRFoH+OoCB9kNYpSizTpe7QztYgoyV1YsNhXbKhDiwA5GpcQsnv/gcUNd2+3oTCRMqlzJx91BcJCPFaDc3cNsvAn5WI4YH7603sMfftu/7900rajr2iQ3zzzM5Qi"}
Reading: -0.0375 kg
,"devType":"HX711.basic","msgType":"notify","action":"attributesChange"},"body":{"HX711":-0.07625}}{"header":{"source":"uuidgen3f7d07d1-2e9a-4d0f-b4fe-50b2f1352202","devType":"HX711.basic","msgType":"notify","action":"attributesChange"},"body":{"HX711":-0.{"version":"0.5","targets":"[]","timestamp":[1594216484,1267833],"payload":"CNaRncwt9rSZ0tnkANX77lgm0CIE1z3uw9tUagKauq9/wG1oqWfzvMUNx9Hj5sX89ysH/djakK89PXYr0Rs4N95zu68so9LJqHWbYvQxvlI8iEoiVcYemoIHtpo3JFlvwI4v2ZTYxy+d+/ZoHEXvwtDAhUrneaEaRY5zTpZbH08QpB80PqAFzqpaQcbMm/i7RfC0mhJQoUunB4PRM0TuDBqONuF38OMJJlqk7bSK1yr7R9kB"}
Reading: -0.0650 kg
07375}}{"header":{"source":"uuidgen3f7d07d1-2e9a-4d0f-b4fe-50b2f1352202","devType":"HX711.basic","msgType":"notify","action":"at{"version":"0.5","targets":"[]","timestamp":[1594216495,1278052],"payload":"RRWZeH3UqIKZJKN34yY3kmgcQy33ymFDqzDMV/nLAckdGgSUCDfH2dvfdMh51JeXcT9h02odoybKflywnK6MVc3NV6xTB3D0uqgGxuN5EZDUDRV50dNQi/ADoGMg24THYPFTi7KRKC49anYMdxANre8dwtriXgKRZ8zZfJBVk2+wxOb0d9nG1sQwFvxt+cxGkgPst3l11UZEsWouaT/SSVxstOmZqNwMKPO3AGxmKSg+6KUy6A=="}
Reading: -0.0900 kg
tributesChange"},"body":{"HX711":-0.059583}}{"header":{"source":"uuidgen3f7d07d1-2e9a-4d0f-b4fe-50b2f1352202","devType":"HX711.b{"version":"0.5","targets":"[]","timestamp":[1594216506,1289191],"payload":"ZDS7i0i6G8o5fEPXv1DhrFUNMTlAdIMlIgHA8vxYsAJZLiWVxF1MQTtMwKXlWa1UXEa8rYB2j2K9dhvBl7JjaDz3gAoIqvoJMXPPZ5aY+RtVeGswLVbZA/Xb5BPO6tPK/SggMTaYrzEiDowL7mbUwMzsP12ZQWZ8xnd4++LS9RbP6SQBERMFpUuyC7xsjnjqmlmoMbz2xK1+aY5jd7oYfAn5uvJbUwRJ5FWKyPFD3v6Q1w4OxQ=="}
Reading: -0.0800 kg
asic","msgType":"notify","action":"attributesChange"},"body":{"HX711":-0.069583}}{"header":{"source":"uuidgen3f7d07d1-2e9a-4d0f-{"version":"0.5","targets":"[]","timestamp":[1594216517,1300330],"payload":"jy7geK5ioRdWAt4EjPBmizCo70f6hM4gukZTvHvCJLNq/o3bzCtshb2U7ukT1n8+TxSJ5CIuLx0ar5NvskoTWxClrlMrvJZuA0vivzspGFLQkJ/rfNlnzWnAf60feMi9BdXC62px1QKyPoJJLNVEEVyiEXINUJeRwHoCMoijAg/gamBz3tOfFaqJTinefvvlxXHjZMibIMIzu00eZeH4i0sUrLqN8lEGNiSy9tO3y5iLeQ=="}
Reading: -0.0746 kg
b4fe-50b2f1352202","devType":"HX711.basic","msgType":"notify","action":"attributesChange"},"body":{"HX711":-0.065}}{"header":{"source":"uuidgen3f7d07d1-2e9a-4d0f-b4fe-50b2f1352202","devType":"HX711.basic","msgType":"notify","action":"attributesChange"},"bo{"version":"0.5","targets":"[]","timestamp":[1594216528,1311471],"payload":"EYmP0BxkfvVJ1r9gvnsbdE47ghWBfdLwqEYtTceh7BiS2UTjLsHSTM62NQxclidF3lDDg4Ahk5m3kGNQVCJBuRI7K9N4b32JDyGoIekAzKiHT9Fy5tnbXb0EYnPh+tWfc3hpxAVRKaoL+mKGzwJAFxi2S2I2/U/+5VjhAaNPQA9oGX3Tmn0bdYOFhHhvyu1yX3wxIIhvJbMRMMJfcZKir12dOulBiGCA0JIOs2fk4S0t0uNjng=="}
Reading: -0.0737 kg
dy":{"HX711":-0.080417}}{"header":{"source":"uuidgen3f7d07d1-2e9a-4d0f-b4fe-50b2f1352202","devType":"HX711.basic","msgType":"not{"version":"0.5","targets":"[]","timestamp":[1594216539,1322702],"payload":"h9Tmz5Imv9Tanm1scu4xXUtr7n2seRRG5UQIRZ41s/kIHmcx66K8rsX+nrfqMx8xfyAT3nv6OJe6eNMpCIE+Tts0lxKqyyYudG89tvhpVizNPsJy+SvTOsocP6qWbRryUF5jEfpvDDj5EfCOA0hzzzAgrdBzg6e4wb1dPnCNv81/yCfaehWYYeddGEMr+sMYQuyZvJaaJGwwOEvjT5QjiS4LyTKHXz3AO2110pPW2dDA"}
Reading: -0.0417 kg
ify","action":"attributesChange"},"body":{"HX711":-0.05}}{"header":{"source":"uuidgen3f7d07d1-2e9a-4d0f-b4fe-50b2f1352202","devT{"version":"0.5","targets":"[]","timestamp":[1594216550,1333842],"payload":"D+us/0toMeJCi+v22RFk7bacZeaPJLpxR+VLhfO00Y26/wT3E61pooHNGHMTfXpWAQRdJCsrr7AEzoPonR/PrT1Fe5mju9IAboiMTdVKJqrSZKVqLlBv+WCnT0LeH+Gp3CwUrLsi4++8Hu05/MVX0jxnTZT5mk17rReGafjPENCCpWJoZ3ltjs6IKynmUtNHtwwQ9iFFJfQaaYNzchLb+QTgtLf2iT/l24dtnGTmHaWhtlrwUQ=="}
Reading: -0.0408 kg
ype":"HX711.basic","msgType":"notify","action":"attributesChange"},"body":{"HX711":-0.052917}}{"header":{"source":"uuidgen3f7d07d1-2e9a-4d0f-b4fe-50b2f1352202","devType":"HX711.basic","msgType":"notify","action":"attributesChange"},"body":{"HX711":-0.08916{"version":"0.5","targets":"[]","timestamp":[1594216561,1344061],"payload":"fGcQXq4iudJfxhG5DCgWxEncE/NdkTEGTcb1rSBh4SI6KrF5fJfS2DHcKY4Yb5iS6MHWmCNxwI96TZeG+8qph0RanAm6Ni4YoK5qOXAVfoow/lD2FLZWLBOqp+bVw7lSTnlapfuaRTkDDjx1mJd+SrYSUx28wIYzr13Nufy0EtHkxVkhjo1aLay8oRjFQEF+5NXc0HSxLZaX0+FSshbzCRRquRxdl28sQ/l3rg27mWUpwrI2PQ=="}
Reading: -0.1013 kg
7}}{"header":{"source":"uuidgen3f7d07d1-2e9a-4d0f-b4fe-50b2f1352202","devType":"HX711.basic","msgType":"notify","action":"attrib{"version":"0.5","targets":"[]","timestamp":[1594216572,1355292],"payload":"m2YFaz8Bwj004fq5ubfmNj/vdkBPp0ftGxUW+t4iW7b8WuxcQBlPF9Ij97HAGJ45juMkLqLC5I+LMXY5/NeAoK1p6VLWe1v/7k9ASsdLtntQwdCM3DYo2hUVVcA6m3ijd+jjWngZXvcVMtRoGK4TaTfo3RShPAn1JTrk2+1nqItm4ouMo6ax1ZYxWUy6ZZ3wYHwormjV/p7IxFBcUvuAmYnEAU5ZDhfVDYZV91CiiGht4O190w=="}
Reading: -0.0308 kg
utesChange"},"body":{"HX711":-0.069583}}{"header":{"source":"uuidgen3f7d07d1-2e9a-4d0f-b4fe-50b2f1352202","devType":"HX711.basic{"version":"0.5","targets":"[]","timestamp":[1594216583,1366430],"payload":"YCm25bb2ZDMUaEWLEp/IyRjB7lUBhz7tQD1oJ+hD6I4NUg05IxvxrXYg8qfIpkU8iOpr2u1NUzKrMaNgINDHOdTYtOX1IjN7te2h3TJF+QxjsnNb/UJ7PG0+4wgkyNCaWGYzrWGGRQuSZ8adgEqXL7PQlkxvvSRxQ8m3GBB8enJUdcW6bf9vktf7vH3zTcMz5VLCzMqIfaCmIneWExPrAG0oo8NPzzJCkthQ5hCKGhDI8iw="}
Reading: -0.0654 kg
","msgType":"notify","action":"attributesChange"},"body":{"HX711":-0.0275}}{"header":{"source":"uuidgen3f7d07d1-2e9a-4d0f-b4fe-5{"version":"0.5","targets":"[]","timestamp":[1594216594,1377569],"payload":"ee3Lq7tpLe3KVFozkyNTUEziOU703Ouc3s+OAuXx1cB0IYjJ2OWQDeihoZ3SS07cBHD6xBFNbV4RWlqogiqc4teaRBJvV1RTwqfOSZGjYXZbe2aP/anVNHctdGidGMeTRwjjJgLM+SOFE2JEaD0W83rlFUngqhh/3m6DFJW5k4KeoixgmFDbd03dkyfPZaeulqsoPZ2ycy2lBzP5wWU/ESOJiSQqUawlsTBWmYazGgRQcNw="}
Reading: -0.1013 kg
0b2f1352202","devType":"HX711.basic","msgType":"notify","action":"attributesChange"},"body":{"HX711":-0.0775}}{"header":{"source":"uuidgen3f7d07d1-2e9a-4d0f-b4fe-50b2f1352202","devType":"HX711.basic","msgType":"notify","action":"attributesChange"},"body":{{"version":"0.5","targets":"[]","timestamp":[1594216605,1388709],"payload":"G30ISZ0oWaK2bRSttdmcKVGCid4azRahSwJOWl46ADRmYVC6EZ//aRrgIgFr6l/j5cq7tOjgBDlw0rec/pH8Uub8G6p530fg+97o70x5yPqro6Oszy/1XiZdo+3pgLDFRIUc7V/KJ6cNpROvZKan5likEXoGm3hcTJPmE0kB1bnFWqiz/a1+fud1PskQcf3+YQjCz0ys0BXETciZuHryuFpVsWu/aRLou0FHRjO1HtyxJ/anfA=="}
Reading: -0.0100 kg
"HX711":-0.090417}}{"header":{"source":"uuidgen3f7d07d1-2e9a-4d0f-b4fe-50b2f1352202","devType":"HX711.basic","msgType":"notify",{"version":"0.5","targets":"[]","timestamp":[1594216617,1399940],"payload":"6IT2LQAQ1neXIzrXB7tJMmr6XIHqFEJGLsdPPQpJgLD6mna8Yy41ymbWM/fb2Wuy6P7UKZp26wqvsWJmBilLMzDwel+xWjrQ8Ebs+28L4HJkYcLSyUDhz8bKBBr4HIjFzU5k2RA8ZmK+Fgany1MuQvp+mWt796ubqIov6iO744efpTpw7kQFhIqgbv128uW9qUHrY+qso41F/VcmTEpLqLVhwpy+UdWA9/bTsdYw1tXVG3c="}
Reading: -0.0667 kg
"action":"attributesChange"},"body":{"HX711":-0.0425}}{"header":{"source":"uuidgen3f7d07d1-2e9a-4d0f-b4fe-50b2f1352202","devType{"version":"0.5","targets":"[]","timestamp":[1594216627,1410159],"payload":"1gtowdLT5DOW/eHhb3CPmcb/FaVFfkSr5hawxGE3BiO9Slv5mAxXt8iWOoMYkxiFlwitvhl5htNVFBpID+LoXESDaDLTpGLvqz11bIV7KFWubO3BokVjFHtVvV/C08qZcf2VZJaHZed8AUfA8XR1OkUwtk3EQknQXGc02LIraIAjiQkzLxzAqn9XScIxts8cmAH+oFnNq/smzQUI7sUiwjp1Hn0aM5VKoCIt6C6RRIi+Sna/4g=="}
Reading: -0.0908 kg
":"HX711.basic","msgType":"notify","action":"attributesChange"},"body":{"HX711":-0.075833}}{"header":{"source":"uuidgen3f7d07d1-2e9a-4d0f-b4fe-50b2f1352202","devType":"HX711.basic","msgType":"notify","action":"attributesChange"},"body":{"HX711":-0.090417}}{"version":"0.5","targets":"[]","timestamp":[1594216638,1421298],"payload":"D63nHNMX6UZnrdMxYSMD3TSgIWtvtH/oUxmWfm71Y/Pgf7DL7UCVivtoEbk4fPuuNZdgxIcbsIyhEdtdCkkdUvlJVEIEEKee/NHtcrRwTQTg3mMY1j9zR9E/3XP7CPylXfFUuCH41wBuoN+JJzblcC77Lm6tsczTorvAaxHDXuOVBFeNg2TlxLCpTUg5bvM7u8LsYswsRqk7GwQk4Pmu9H7grH6M4HTZRIavZdGd3wExYPPghw=="}
Reading: -0.1096 kg
{"header":{"source":"uuidgen3f7d07d1-2e9a-4d0f-b4fe-50b2f1352202","devType":"HX711.basic","msgType":"notify","action":"attribute{"version":"0.5","targets":"[]","timestamp":[1594216649,1432529],"payload":"kChIDrSKUkIrjRWC8gxOqyyKVN4MFZISChmvFYB2ewtit6UGwAjVvKMM4PE3D87hYgLBluQk8uY/UfwKWDTsavMmfn7Z/dFgBXLHAs3ncs/dUIJo0aO5Tt5BwfCoxy03CupfqKaOgmDZsRFIoeQ5b4G9sf+U6UrBZahk5bQg2otnTEFTXv5ZC3dMyDFJSA1JzMvSMzR7EqoK3C+Zo88LyG7pnBd4/ijsh9EJTd2rKPhrmhvL+Q=="}
Reading: -0.1046 kg
sChange"},"body":{"HX711":-0.081667}}{"header":{"source":"uuidgen3f7d07d1-2e9a-4d0f-b4fe-50b2f1352202","devType":"HX711.basic","{"version":"0.5","targets":"[]","timestamp":[1594216660,1443668],"payload":"mUX/d9yKP1lJiUakkJ/L3bOloXBWLiY6rvfVk3eq6jRjhEGZA+tGYFjO/8eooNDkLCaA0PqtPmvscU/wbrn+aj3QzWPGplyiUK3gpC7sPVyIuZa7EePRPWGANMqemXGGokQGicPZJ8C9RjUH9UppvyYFt6G5XhP2CrHkPUfdgEb+1fN8OPkrcNBW+ubt4KsKjAicNHRjRt6/W+x8k5Sv98DAlp3ohh6YOUyXl9E+oPm48V8dUQ=="}
Reading: -0.0512 kg
msgType":"notify","action":"attributesChange"},"body":{"HX711":-0.097083}}{"header":{"source":"uuidgen3f7d07d1-2e9a-4d0f-b4fe-50{"version":"0.5","targets":"[]","timestamp":[1594216671,1454807],"payload":"YwEi23n/zKC2JO3ChU0AcqZJiy1LeiAplBuDXBcoAZF1Z8zGyf1Q+QaEIyD68YNqpONLudI83JNmSgaqOEfeRsWWUDpF6VvUWOCmTFhi62w/EwC2fW0S6L0mTeHeK8F+qToUv1mUwlwMHL6mLNffoWLL6yBH+31lZ8tmbyPT8AD7NDxu5f9C75/BNOBZWZYj9WRnASg2rxzyrYWzL1VgptNzxSt8H0jeMIE9RKkw65bk/JRC1Q=="}
Reading: -0.0554 kg
b2f1352202","devType":"HX711.basic","msgType":"notify","action":"attributesChange"},"body":{"HX711":-0.038333}}{"header":{"source":"uuidgen3f7d07d1-2e9a-4d0f-b4fe-50b2f1352202","devType":"HX711.basic","msgType":"notify","action":"attributesChange"},"body":{"version":"0.5","targets":"[]","timestamp":[1594216682,1465026],"payload":"uxPLVYelkb0WkqyRiqWay3lS2dpywknEt/hnxR7H9CBnKrYMo0a4TjZSrTuct0z5TfLUJP9lwgLwjhuTVxgqQRGjnfDYbSq+/BtqhR7wVUn8M0rDmZnyjfvvFTnqPGVxTU12jI1kGTAkc2y4BH3b8jL8PwjWjAgFLQ3Ou74l7X3yoaPdZHZL4Q4qfQ3coMlkZMFDybWjO0+HPHW7w180pCRy1ESEz45RS+UfWiyDmUuPge/1"}
Reading: -0.0896 kg
{"HX711":-0.06875}}{"header":{"source":"uuidgen3f7d07d1-2e9a-4d0f-b4fe-50b2f1352202","devType":"HX711.basic","msgType":"notify",{"version":"0.5","targets":"[]","timestamp":[1594216693,1476258],"payload":"iN0PSMcovjTCv+yKLrwS6P7ZPDvSwN7OMD/SAUAbNYlzkRx1BjQTmSTZ4BhFk9GM4+9q92Dws+KIF3PQfoYkhoC86/zyqn0kirlHBF91tIEJLfqgl8drpkg/iAf7m1WdAnH4m/l/x6yShOXi0xbxiU68WvAeI5AADLbuMD8melRSgWrKmyvbsHJlDu21PBAOvi7HMunKvye9QKlroemz0bUbUniyEK4iirYyjM0aEORHuAo9RA=="}
Reading: -0.1008 kg
"action":"attributesChange"},"body":{"HX711":-0.122083}}{"header":{"source":"uuidgen3f7d07d1-2e9a-4d0f-b4fe-50b2f1352202","devTy{"version":"0.5","targets":"[]","timestamp":[1594216704,1487397],"payload":"rH1VYufmJPWmiiSPQRsYWjmYl4h8b8HirTpvfu2nOJbKbYWJKBq3i0dG9elYbNo7u7YYoTk8dWR18BWdh6z1Q8KgYPxOlJybwY1wbS3L8kTNVIWU4zCci1SNoEYWTaUsMED4aRTzK1aFa62YNoFgAObU+sm15aMh/tw3PwtVmcdyl+H7Q7sAZWB419UFNRsW1aoTzvmnW9oX+by96Aa47/Byf2HkSE9AyfujxSqrHYgtYeWY5g=="}
Reading: -0.0846 kg
pe":"HX711.basic","msgType":"notify","action":"attributesChange"},"body":{"HX711":-0.107917}}{"header":{"source":"uuidgen3f7d07d1-2e9a-4d0f-b4fe-50b2f1352202","devType":"HX711.basic","msgType":"notify","action":"attributesChange"},"body":{"HX711":-0.06875}{"version":"0.5","targets":"[]","timestamp":[1594216715,1498537],"payload":"xj3nTqBLmUA12Yx2kU0CrEYUw1j3hk4rm9KzVZaN8cCXnCjH52l/GdlleSRc47JR6sz9bkJMY4sAHzrP6bBKSn2kn4kmotkqWGHmxj6/7zS5ukbD88QXFNC4xIcJ5UczYC0WsMcdMAwmrh8DpXJz49yyCMByTOewVda2hfj7AXZQf1DxruejTpoMu8DdBWYsY0Zkiz4GptYnpQwzS6GxKNJeZEBuD8PAL/3SMO6pGBeLTRbB"}
}{"header":{"source":"uuidgen3f7d07d1-2e9a-4d0f-b4fe-50b2f1352202","devType":"HX711.basic","msgType":"notify","action":"alive"},{"version":"0.5","targets":"[]","timestamp":[1594216724,1506751],"payload":"9lOgkmC6gVRxDn4rV5gRihotcaTxTA8gEzoBLnEerxGvlx06+vSnjljVV/IVx4JpdZ2stdzST6sRUXdOFFqBt9jnWKnTOv3NYzKhfJrdz2Eie3Gvy0VFbDTe+8zdkc9YBq7Aj29nTNBWxkYd+yjrhnTuNmLd1aHKKMd6qt4iFZKCGe5A6BfxgM2S7z/HU7PDTzkLi9wvBydNQp0BRC1LFlfaeH832g=="}
"body":{"timeout":600}}{"header":{"source":"uuidgen3f7d07d1-2e9a-4d0f-b4fe-50b2f1352202","devType":"HX711.basic","msgType":"repl{"version":"0.5","targets":"[]","timestamp":[1594216724,1506780],"payload":"V8VcvBjtIqUehoZOT0Z+CMN/C5KRoXXZ84wxHjqrIpy/KtcT1vutKYdsTPBHHcgeHh7EWqpMmLpYC+9yFffO8cjn5CpZtNy96Ik4W5GcN6qKrIV/ppjf3/eNrELjOsLt+/izcaBaEk5HDo9jeyANxUsy8fyRu+I+RIw1I26TrJCGsk8P8/f2oT2+l2btPL4nBSh00bvacwJ2k3iSQtzXuM5M4ObpUjG2r1hidipABlriQtzKTsBjhkYzdY+AldZrDaw4PEXE7KswHoOWSE4nyi9z8xjqseaPUlnjKHg7o/Ut7w=="}
Reading: -0.1058 kg
y","action":"getDescription"},"body":{"vendorId":"Arduino","productId":"esp32dev","info":"ESP-WROOM-32"}}{"header":{"source":"uuidgen3f7d07d1-2e9a-4d0f-b4fe-50b2f1352202","devType":"HX711.basic","msgType":"notify","action":"attributesChange"},"body":{"HX71{"version":"0.5","targets":"[]","timestamp":[1594216726,1508848],"payload":"Fjv2zery9GDd2oYGud2e0MYf0lu/pvyWjnV3Tp4gbgqBBpqWATMbnHY4O4tynoW90ieSTQh1pz4IcQ07/6mdYR5S4CAHjRWD9OszqcSYOwGUKeG27u6oY5DDqjSsdEqJ4nvprht6VaE6eKR2QsoKiW0XgCI7b4xyEzzvYAEDPSGJ1RjrrpmBqIyBMpATcXe3W32DiFh6EhDea7n3qgvZC+nptqxknBM7eb75EGHDXHsWVQDtCg=="}
Reading: -0.0679 kg
1":-0.117917}}{"header":{"source":"uuidgen3f7d07d1-2e9a-4d0f-b4fe-50b2f1352202","devType":"HX711.basic","msgType":"notify","acti{"version":"0.5","targets":"[]","timestamp":[1594216737,1520080],"payload":"RQNH/vmVtKiTPOse7O92MgzP+s4zP73zW9PpxG2YNlZf5nS09LfFdUNJ4SK7uORX2N2NCnS8GDnsC14v3NdalHKWjOMn6Rq2csyG1ivRvGVHBy5XzIGIpYcWA78qDa9qAZRBw6Dqa3omYAaETLrjiFCrv+KFZWzzOWMTusclkXYChV+pY5ndpLE4XWq/mbsCJexQYiWcN8zWc3qfGriaK9vcZ5q6Gcdg9nYW5gjez7bmWLqRsQ=="}
Reading: -0.1000 kg
on":"attributesChange"},"body":{"HX711":-0.084167}}{"header":{"source":"uuidgen3f7d07d1-2e9a-4d0f-b4fe-50b2f1352202","devType":"{"version":"0.5","targets":"[]","timestamp":[1594216748,1531219],"payload":"75Dd2gEAxRJZpx/EcJdvzo+qPDdMmFE7ZDO9S+XuNFIIRlzXTt0O+W4THMAr66sjlPi3MY/Tc2R4rojktX8Hz00fQANFJoAW8AkdCOZdilGVHqKpq/wp2XNPAbybfr1QugvDonDbBOxHip105x2xWo8H7fDh0URzSYBD8lNEbhRNuhP5aU+vWYhzEzQ7MzIk74yKe5XGkV0urbK4QWcHxqPWZjejJ+gFv2Sc9+tbVisI6w=="}
Reading: -0.1204 kg
HX711.basic","msgType":"notify","action":"attributesChange"},"body":{"HX711":-0.075}}{"header":{"source":"uuidgen3f7d07d1-2e9a-4{"version":"0.5","targets":"[]","timestamp":[1594216759,1542359],"payload":"/MsVgeWBfq24aNs5m65RWQRzHWEG2fj27L5xUgvs1aLefRWn0DlmAN3DaZXOInO66DnSFVlklW33B8/cic8JwI6lsrqfMy4B5/l13s6zDLSwVSj+Bk3JEzdjUkBD315ZITTD61qa1ak9JqCHJ5+Av6jwXOdg6c6m7/wz/8Eo2SXyO7SdaAjFG76a3tlpgg3mzQrdDHBWybu/LDx92ymmcf083jHu1oLdqcmxLp39HWYEkQep"}
Reading: -0.0608 kg
d0f-b4fe-50b2f1352202","devType":"HX711.basic","msgType":"notify","action":"attributesChange"},"body":{"HX711":-0.09375}}{"header":{"source":"uuidgen3f7d07d1-2e9a-4d0f-b4fe-50b2f1352202","devType":"HX711.basic","msgType":"notify","action":"attributesChange{"version":"0.5","targets":"[]","timestamp":[1594216770,1553498],"payload":"iD2Np/x4VhvoR5/vmYFmFAc4cb1XRrRh+GprYMZvSvoDlkEDlK8FV8EwGQYmQRC8TOZoIFcbc+kZQieep1WCQtQSwRsDWLZMWpSBNnlLicHGdD7liNV0vDYxAuxuu4QwjM0c+EAHIynP0NzJWu9Tiy/6tzJ+xRH6KlqanuX3Z58rFhyJEtgzuK1Rw+UDFNbjBgWkt7NOCoRVsyKionW1VvcdPb2p8Xq/bd7VJ58Yslh31f7voQ=="}
Reading: -0.1021 kg
"},"body":{"HX711":-0.059583}}{"header":{"source":"uuidgen3f7d07d1-2e9a-4d0f-b4fe-50b2f1352202","devType":"HX711.basic","msgType{"version":"0.5","targets":"[]","timestamp":[1594216782,1564730],"payload":"hymUGydaTkghLf6KY7DhVtJ3Wh1k+mp5710p40aiL8C870Uy2NhX56wT6TfBKubmGwJ0gDqr9khfAwLyG5AdrB7aKYPqGDcC940Zrs4HwTbxOf/ppAfbAeguEjETVXB0lqSBmB9CinMjUI4NB3rQbJV0bMpxwlgZyHKIzYUlCk0pKLz9qv+yWX30xRguTH0cf61Rs95CVqhFoWlfWP3d8zYUhMgLuHwz7Ozere/cINW41gQ="}
Reading: -0.0958 kg
":"notify","action":"attributesChange"},"body":{"HX711":-0.0925}}{"header":{"source":"uuidgen3f7d07d1-2e9a-4d0f-b4fe-50b2f135220{"version":"0.5","targets":"[]","timestamp":[1594216792,1574950],"payload":"LJG9zBF+NafEF7VJ4qjA/dBqUjQrxmy3dLaDanolJfGpZFPIfxCCesGpfRJhOUM+ANKVw6kHNm6rJhOj58wvDvDzpPOr6yyuaTjs/VhAN1Fg+SSOdmU4pXDduLee4nhHU4VLH9+8+EZT0io6B5q2rkXGoHV2rXeQYf+WSIDLLqO+gs1wzdbsyz+/vfjcB0RBBQ1vhU7RP+/OOyD3CBPVJAAtUYWHEcSJxbl3unIqYp5kg0pCfw=="}
Reading: -0.0708 kg
2","devType":"HX711.basic","msgType":"notify","action":"attributesChange"},"body":{"HX711":-0.087083}}{"header":{"source":"uuidgen3f7d07d1-2e9a-4d0f-b4fe-50b2f1352202","devType":"HX711.basic","msgType":"notify","action":"attributesChange"},"body":{"HX711":{"version":"0.5","targets":"[]","timestamp":[1594216803,1586089],"payload":"Cj5qh3gjybwhW+N4PRsneyyWErzxHiJFMfM0PrmyWiocOiWx/TrJMD6gtZT0EVifRgslocgf0jQKVNGL/C5+7/TMpxWrlC+4C28kM1pVPf9yijmTdFu4qAIVpQw+CvRnO8N04sgrbXw8RX+B9lXo6037Lm3fjkA5hGdbKOAI4HDh9AEIgtHqBgnDjqX8AfzE1rmkMY0iwT8q87Z7Ndiq+Gz5grRD1H33VeMPj42IVfK3xhv8xQ=="}
Reading: -0.0688 kg
-0.100417}}{"header":{"source":"uuidgen3f7d07d1-2e9a-4d0f-b4fe-50b2f1352202","devType":"HX711.basic","msgType":"notify","action"{"version":"0.5","targets":"[]","timestamp":[1594216814,1597322],"payload":"px55+z6bRe0mKaa//Q0IPKSas4NaEmbJgwl0zmpE8QiIgj9dorZfjUw0GP1Y9OqpSTv+Pw4hyRpO9VI+7NvsXTBD13z9Tw69v0Rp81L41A/woHRCbuNvyNlLMFrvJA2Xxt+tyZptoOUfnoTj1E5gnJ1tunq9x6juSFKsAswfEJNswpjHcLODP99as1bc0fRccCmuhNsu3cjJKeMQOoVgq71UVrdshDfb3xkFi3LegRpvFg=="}
Reading: -0.0688 kg
:"attributesChange"},"body":{"HX711":-0.105}}{"header":{"source":"uuidgen3f7d07d1-2e9a-4d0f-b4fe-50b2f1352202","devType":"HX711.{"version":"0.5","targets":"[]","timestamp":[1594216825,1608462],"payload":"tjhy071GZcpOr+FpCEPB3/Dp3dNZc9pCDb1RHhicr7ddBH9O4iKC+q5cyMZi1Z1CGXPkqzchIBXaf1+gcAEM1utEJc0PFF0oizJmG3QQmeoEi9s2rdgpoPkqY7bwWk3KQnR84alo/eeuVjBOsm0TgUaMs6QxHalklO9y6YRKVW1xvUrCjIjNAbdCIsEzZxZscfPO+xK1hRO+FrPF4tK+axUr0gL5jb0p2soM8sZbfmvGWGnpRw=="}
Reading: -0.0729 kg
basic","msgType":"notify","action":"attributesChange"},"body":{"HX711":-0.064167}}{"header":{"source":"uuidgen3f7d07d1-2e9a-4d0f{"version":"0.5","targets":"[]","timestamp":[1594216836,1619602],"payload":"hSJhEUeZrouF9B3OnqxJYkaOuzo2Q2dEOURxcOSs3NitmmUACdp8M48O5CV/njOcpEhTAvsA1VLDb7Zm5NgyVXTZQNDac/mdPWDfZTH7mzPKKN35qnCtl5nEDg7vZIX/rWpv93muyQ5nwghWPwfdlUzjbAvBo6C5XdWCObDCLCH20066a5AEy9r1+rwI0sWHHfVexsKJnjcfkPyAqrQdDPb3Eyp2MaTyfJEefpFs9cLfselFoA=="}
Reading: -0.0688 kg
-b4fe-50b2f1352202","devType":"HX711.basic","msgType":"notify","action":"attributesChange"},"body":{"HX711":-0.070833}}{"header":{"source":"uuidgen3f7d07d1-2e9a-4d0f-b4fe-50b2f1352202","devType":"HX711.basic","msgType":"notify","action":"attributesChange"}{"version":"0.5","targets":"[]","timestamp":[1594216847,1629821],"payload":"56dzwZ5/3zjV54LCjPjkgSo606Xe/3hcA2/MOqjxBnO31pqkBv/0HmRLvZvnNm+5OHJT6djBDAC99i6WAkmLxv8FOaTZfhlc919B6wYzzz/WqI0p1p5MZa/aOtmVQ8n6qdS6tFji/53Ag6F86Pyt4eZRvVXTQesaf1KQhjORSKUtlGUigK7aYDIgCgezA+k33ByFiLvurTxg8XGlz9EKeFUulelsJujaZnBLPtc6zhRaKfIgXw=="}
Reading: -0.0913 kg
,"body":{"HX711":-0.056667}}{"header":{"source":"uuidgen3f7d07d1-2e9a-4d0f-b4fe-50b2f1352202","devType":"HX711.basic","msgType":{"version":"0.5","targets":"[]","timestamp":[1594216858,1641053],"payload":"vlQMtAFgMjBgQZafPrY842i4ps7PXgfpvX2EJ8PaVzvmgkVxtJGU9PPxn13eZpkFuG0GMkN+gfi4+o04pdPAOVoSMcfEzB51Ymqh9lxWnL7Hg+NMv9/dJtywmtxt/BG8wdyC1a01ERaSfZGc3R06iBxIPL31qkAHfVhWTWNoiKhKi52segadnGMX4dRE5CQ4JHGayqVwAgrwKHLwkfypTkJbncjsh/+CcZk81nE4DinzJiwJ+g=="}
Reading: -0.0821 kg
"notify","action":"attributesChange"},"body":{"HX711":-0.095833}}{"header":{"source":"uuidgen3f7d07d1-2e9a-4d0f-b4fe-50b2f135220{"version":"0.5","targets":"[]","timestamp":[1594216869,1652192],"payload":"etJKw9pQuHuP0VfR4+7sE4FfyLurUJL1uY6XFKVLdTPmD018bMVoHh+sXypnVn2EX84Qn1r1+gAhJUZ5xJ94RpLfp3uGO8URDjpOZSgmDafUMzudcPvimHJOaGzbN5+ymDYzLNJ2OM6WOFJNRInAetNQpE+6UlsGzOh4WXsTYlPVAFh8XoMbVA+ywQM2qFNlJZr9I36jHgkrY/BO1shVHtuujBHPG5lLF/aKGL3VkxQHuMm8TA=="}
